10-Apr-2020 10:31:35.578 ì •ë³´ [main] org.apache.catalina.startup.VersionLoggerListener.log ì„œë²„ ë²„ì „ ì´ë¦„:        Apache Tomcat/9.0.33
10-Apr-2020 10:31:35.595 ì •ë³´ [main] org.apache.catalina.startup.VersionLoggerListener.log Server ë¹Œë“œ ì‹œê°:          Mar 11 2020 09:31:38 UTC
10-Apr-2020 10:31:35.595 ì •ë³´ [main] org.apache.catalina.startup.VersionLoggerListener.log Server ë²„ì „ ë²ˆí˜¸:         9.0.33.0
10-Apr-2020 10:31:35.595 ì •ë³´ [main] org.apache.catalina.startup.VersionLoggerListener.log ìš´ì˜ì²´ì œ ì´ë¦„:               Windows 10
10-Apr-2020 10:31:35.595 ì •ë³´ [main] org.apache.catalina.startup.VersionLoggerListener.log ìš´ì˜ì²´ì œ ë²„ì „:            10.0
10-Apr-2020 10:31:35.595 ì •ë³´ [main] org.apache.catalina.startup.VersionLoggerListener.log ì•„í‚¤í…ì²˜:          amd64
10-Apr-2020 10:31:35.595 ì •ë³´ [main] org.apache.catalina.startup.VersionLoggerListener.log ìë°” í™ˆ:             C:\Program Files\Java\jdk1.8.0_231\jre
10-Apr-2020 10:31:35.595 ì •ë³´ [main] org.apache.catalina.startup.VersionLoggerListener.log JVM ë²„ì „:           1.8.0_231-b11
10-Apr-2020 10:31:35.595 ì •ë³´ [main] org.apache.catalina.startup.VersionLoggerListener.log JVM ë²¤ë”:            Oracle Corporation
10-Apr-2020 10:31:35.595 ì •ë³´ [main] org.apache.catalina.startup.VersionLoggerListener.log CATALINA_BASE:         C:\Users\chris\Desktop\ê°•ì˜ìë£Œ\Servlet_JSP\util\apache-tomcat-9.0.33-windows-x64\apache-tomcat-9.0.33
10-Apr-2020 10:31:35.595 ì •ë³´ [main] org.apache.catalina.startup.VersionLoggerListener.log CATALINA_HOME:         C:\Users\chris\Desktop\ê°•ì˜ìë£Œ\Servlet_JSP\util\apache-tomcat-9.0.33-windows-x64\apache-tomcat-9.0.33
10-Apr-2020 10:31:35.611 ì •ë³´ [main] org.apache.catalina.startup.VersionLoggerListener.log ëª…ë ¹ í–‰ ì•„ê·œë¨¼íŠ¸: -Djava.util.logging.config.file=C:/Users/chris/Desktop/ê°•ì˜ìë£Œ/Servlet_JSP/util/apache-tomcat-9.0.33-windows-x64/apache-tomcat-9.0.33/conf/logging.properties
10-Apr-2020 10:31:35.611 ì •ë³´ [main] org.apache.catalina.startup.VersionLoggerListener.log ëª…ë ¹ í–‰ ì•„ê·œë¨¼íŠ¸: -Djava.util.logging.manager=org.apache.juli.ClassLoaderLogManager
10-Apr-2020 10:31:35.611 ì •ë³´ [main] org.apache.catalina.startup.VersionLoggerListener.log ëª…ë ¹ í–‰ ì•„ê·œë¨¼íŠ¸: -Djdk.tls.ephemeralDHKeySize=2048
10-Apr-2020 10:31:35.612 ì •ë³´ [main] org.apache.catalina.startup.VersionLoggerListener.log ëª…ë ¹ í–‰ ì•„ê·œë¨¼íŠ¸: -Djava.protocol.handler.pkgs=org.apache.catalina.webresources
10-Apr-2020 10:31:35.612 ì •ë³´ [main] org.apache.catalina.startup.VersionLoggerListener.log ëª…ë ¹ í–‰ ì•„ê·œë¨¼íŠ¸: -Dorg.apache.catalina.security.SecurityListener.UMASK=0027
10-Apr-2020 10:31:35.612 ì •ë³´ [main] org.apache.catalina.startup.VersionLoggerListener.log ëª…ë ¹ í–‰ ì•„ê·œë¨¼íŠ¸: -Dignore.endorsed.dirs=
10-Apr-2020 10:31:35.612 ì •ë³´ [main] org.apache.catalina.startup.VersionLoggerListener.log ëª…ë ¹ í–‰ ì•„ê·œë¨¼íŠ¸: -Dcatalina.base=C:/Users/chris/Desktop/ê°•ì˜ìë£Œ/Servlet_JSP/util/apache-tomcat-9.0.33-windows-x64/apache-tomcat-9.0.33
10-Apr-2020 10:31:35.612 ì •ë³´ [main] org.apache.catalina.startup.VersionLoggerListener.log ëª…ë ¹ í–‰ ì•„ê·œë¨¼íŠ¸: -Dcatalina.home=C:/Users/chris/Desktop/ê°•ì˜ìë£Œ/Servlet_JSP/util/apache-tomcat-9.0.33-windows-x64/apache-tomcat-9.0.33
10-Apr-2020 10:31:35.612 ì •ë³´ [main] org.apache.catalina.startup.VersionLoggerListener.log ëª…ë ¹ í–‰ ì•„ê·œë¨¼íŠ¸: -Djava.io.tmpdir=C:/Users/chris/Desktop/ê°•ì˜ìë£Œ/Servlet_JSP/util/apache-tomcat-9.0.33-windows-x64/apache-tomcat-9.0.33/temp
10-Apr-2020 10:31:35.612 ì •ë³´ [main] org.apache.catalina.core.AprLifecycleListener.lifecycleEvent APR ë²„ì „ [1.7.0]ì„(ë¥¼) ì‚¬ìš©í•œ, APR ê¸°ë°˜ Apache Tomcat Native ë¼ì´ë¸ŒëŸ¬ë¦¬ [1.2.23]ì„(ë¥¼) ë¡œë“œí–ˆìŠµë‹ˆë‹¤.
10-Apr-2020 10:31:35.612 ì •ë³´ [main] org.apache.catalina.core.AprLifecycleListener.lifecycleEvent APR ìš©ëŸ‰ì •ë³´ë“¤: IPv6 [true], sendfile [true], accept filters [false], random [true].
10-Apr-2020 10:31:35.612 ì •ë³´ [main] org.apache.catalina.core.AprLifecycleListener.lifecycleEvent APR/OpenSSL ì„¤ì •: useAprConnector [false], useOpenSSL [true]
10-Apr-2020 10:31:35.617 ì •ë³´ [main] org.apache.catalina.core.AprLifecycleListener.initializeSSL OpenSSLì´ ì„±ê³µì ìœ¼ë¡œ ì´ˆê¸°í™”ë˜ì—ˆìŠµë‹ˆë‹¤: [OpenSSL 1.1.1c  28 May 2019]
10-Apr-2020 10:31:36.126 ì •ë³´ [main] org.apache.coyote.AbstractProtocol.init í”„ë¡œí† ì½œ í•¸ë“¤ëŸ¬ ["http-nio-8080"]ì„(ë¥¼) ì´ˆê¸°í™”í•©ë‹ˆë‹¤.
10-Apr-2020 10:31:36.237 ì •ë³´ [main] org.apache.catalina.startup.Catalina.load [817] ë°€ë¦¬ì´ˆ ë‚´ì— ì„œë²„ê°€ ì´ˆê¸°í™”ë˜ì—ˆìŠµë‹ˆë‹¤.
10-Apr-2020 10:31:36.273 ì •ë³´ [main] org.apache.catalina.core.StandardService.startInternal ì„œë¹„ìŠ¤ [Catalina]ì„(ë¥¼) ì‹œì‘í•©ë‹ˆë‹¤.
10-Apr-2020 10:31:36.273 ì •ë³´ [main] org.apache.catalina.core.StandardEngine.startInternal ì„œë²„ ì—”ì§„ì„ ì‹œì‘í•©ë‹ˆë‹¤: [Apache Tomcat/9.0.33]
10-Apr-2020 10:31:36.292 ì •ë³´ [main] org.apache.catalina.startup.HostConfig.deployWAR ì›¹ ì• í”Œë¦¬ì¼€ì´ì…˜ ì•„ì¹´ì´ë¸Œ [C:\Users\chris\Desktop\ê°•ì˜ìë£Œ\Servlet_JSP\util\apache-tomcat-9.0.33-windows-x64\apache-tomcat-9.0.33\webapps\_04_StartServlet.war]ì„(ë¥¼) ë°°ì¹˜í•©ë‹ˆë‹¤.
10-Apr-2020 10:31:36.504 ì •ë³´ [main] org.apache.catalina.startup.HostConfig.deployWAR ì›¹ ì• í”Œë¦¬ì¼€ì´ì…˜ ì•„ì¹´ì´ë¸Œ [C:\Users\chris\Desktop\ê°•ì˜ìë£Œ\Servlet_JSP\util\apache-tomcat-9.0.33-windows-x64\apache-tomcat-9.0.33\webapps\_04_StartServlet.war]ì˜ ë°°ì¹˜ê°€ [212] ë°€ë¦¬ì´ˆì— ì™„ë£Œë˜ì—ˆìŠµë‹ˆë‹¤.
10-Apr-2020 10:31:36.504 ì •ë³´ [main] org.apache.catalina.startup.HostConfig.deployDirectory ì›¹ ì• í”Œë¦¬ì¼€ì´ì…˜ ë””ë ‰í† ë¦¬ [C:\Users\chris\Desktop\ê°•ì˜ìë£Œ\Servlet_JSP\util\apache-tomcat-9.0.33-windows-x64\apache-tomcat-9.0.33\webapps\docs]ì„(ë¥¼) ë°°ì¹˜í•©ë‹ˆë‹¤.
10-Apr-2020 10:31:36.527 ì •ë³´ [main] org.apache.catalina.startup.HostConfig.deployDirectory ì›¹ ì• í”Œë¦¬ì¼€ì´ì…˜ ë””ë ‰í† ë¦¬ [C:\Users\chris\Desktop\ê°•ì˜ìë£Œ\Servlet_JSP\util\apache-tomcat-9.0.33-windows-x64\apache-tomcat-9.0.33\webapps\docs]ì— ëŒ€í•œ ë°°ì¹˜ê°€ [23] ë°€ë¦¬ì´ˆì— ì™„ë£Œë˜ì—ˆìŠµë‹ˆë‹¤.
10-Apr-2020 10:31:36.527 ì •ë³´ [main] org.apache.catalina.startup.HostConfig.deployDirectory ì›¹ ì• í”Œë¦¬ì¼€ì´ì…˜ ë””ë ‰í† ë¦¬ [C:\Users\chris\Desktop\ê°•ì˜ìë£Œ\Servlet_JSP\util\apache-tomcat-9.0.33-windows-x64\apache-tomcat-9.0.33\webapps\examples]ì„(ë¥¼) ë°°ì¹˜í•©ë‹ˆë‹¤.
10-Apr-2020 10:31:36.865 ì •ë³´ [main] org.apache.catalina.startup.HostConfig.deployDirectory ì›¹ ì• í”Œë¦¬ì¼€ì´ì…˜ ë””ë ‰í† ë¦¬ [C:\Users\chris\Desktop\ê°•ì˜ìë£Œ\Servlet_JSP\util\apache-tomcat-9.0.33-windows-x64\apache-tomcat-9.0.33\webapps\examples]ì— ëŒ€í•œ ë°°ì¹˜ê°€ [338] ë°€ë¦¬ì´ˆì— ì™„ë£Œë˜ì—ˆìŠµë‹ˆë‹¤.
10-Apr-2020 10:31:36.865 ì •ë³´ [main] org.apache.catalina.startup.HostConfig.deployDirectory ì›¹ ì• í”Œë¦¬ì¼€ì´ì…˜ ë””ë ‰í† ë¦¬ [C:\Users\chris\Desktop\ê°•ì˜ìë£Œ\Servlet_JSP\util\apache-tomcat-9.0.33-windows-x64\apache-tomcat-9.0.33\webapps\host-manager]ì„(ë¥¼) ë°°ì¹˜í•©ë‹ˆë‹¤.
10-Apr-2020 10:31:36.896 ì •ë³´ [main] org.apache.catalina.startup.HostConfig.deployDirectory ì›¹ ì• í”Œë¦¬ì¼€ì´ì…˜ ë””ë ‰í† ë¦¬ [C:\Users\chris\Desktop\ê°•ì˜ìë£Œ\Servlet_JSP\util\apache-tomcat-9.0.33-windows-x64\apache-tomcat-9.0.33\webapps\host-manager]ì— ëŒ€í•œ ë°°ì¹˜ê°€ [31] ë°€ë¦¬ì´ˆì— ì™„ë£Œë˜ì—ˆìŠµë‹ˆë‹¤.
10-Apr-2020 10:31:36.896 ì •ë³´ [main] org.apache.catalina.startup.HostConfig.deployDirectory ì›¹ ì• í”Œë¦¬ì¼€ì´ì…˜ ë””ë ‰í† ë¦¬ [C:\Users\chris\Desktop\ê°•ì˜ìë£Œ\Servlet_JSP\util\apache-tomcat-9.0.33-windows-x64\apache-tomcat-9.0.33\webapps\manager]ì„(ë¥¼) ë°°ì¹˜í•©ë‹ˆë‹¤.
10-Apr-2020 10:31:36.927 ì •ë³´ [main] org.apache.catalina.startup.HostConfig.deployDirectory ì›¹ ì• í”Œë¦¬ì¼€ì´ì…˜ ë””ë ‰í† ë¦¬ [C:\Users\chris\Desktop\ê°•ì˜ìë£Œ\Servlet_JSP\util\apache-tomcat-9.0.33-windows-x64\apache-tomcat-9.0.33\webapps\manager]ì— ëŒ€í•œ ë°°ì¹˜ê°€ [31] ë°€ë¦¬ì´ˆì— ì™„ë£Œë˜ì—ˆìŠµë‹ˆë‹¤.
10-Apr-2020 10:31:36.927 ì •ë³´ [main] org.apache.catalina.startup.HostConfig.deployDirectory ì›¹ ì• í”Œë¦¬ì¼€ì´ì…˜ ë””ë ‰í† ë¦¬ [C:\Users\chris\Desktop\ê°•ì˜ìë£Œ\Servlet_JSP\util\apache-tomcat-9.0.33-windows-x64\apache-tomcat-9.0.33\webapps\ROOT]ì„(ë¥¼) ë°°ì¹˜í•©ë‹ˆë‹¤.
10-Apr-2020 10:31:36.948 ì •ë³´ [main] org.apache.catalina.startup.HostConfig.deployDirectory ì›¹ ì• í”Œë¦¬ì¼€ì´ì…˜ ë””ë ‰í† ë¦¬ [C:\Users\chris\Desktop\ê°•ì˜ìë£Œ\Servlet_JSP\util\apache-tomcat-9.0.33-windows-x64\apache-tomcat-9.0.33\webapps\ROOT]ì— ëŒ€í•œ ë°°ì¹˜ê°€ [21] ë°€ë¦¬ì´ˆì— ì™„ë£Œë˜ì—ˆìŠµë‹ˆë‹¤.
10-Apr-2020 10:31:36.952 ì •ë³´ [main] org.apache.coyote.AbstractProtocol.start í”„ë¡œí† ì½œ í•¸ë“¤ëŸ¬ ["http-nio-8080"]ì„(ë¥¼) ì‹œì‘í•©ë‹ˆë‹¤.
10-Apr-2020 10:31:36.960 ì •ë³´ [main] org.apache.catalina.startup.Catalina.start ì„œë²„ê°€ [722] ë°€ë¦¬ì´ˆ ë‚´ì— ì‹œì‘ë˜ì—ˆìŠµë‹ˆë‹¤.
10-Apr-2020 10:33:23.872 ì •ë³´ [main] org.apache.catalina.core.StandardServer.await ì…§ë‹¤ìš´ í¬íŠ¸ë¥¼ í†µí•´ ìœ íš¨í•œ ì…§ë‹¤ìš´ ëª…ë ¹ì„ ë°›ì•˜ìŠµë‹ˆë‹¤. ì„œë²„ ì¸ìŠ¤í„´ìŠ¤ë¥¼ ì¤‘ì§€ì‹œí‚µë‹ˆë‹¤.
10-Apr-2020 10:33:23.873 ì •ë³´ [main] org.apache.coyote.AbstractProtocol.pause í”„ë¡œí† ì½œ í•¸ë“¤ëŸ¬ ["http-nio-8080"]ì„(ë¥¼) ì¼ì‹œ ì •ì§€ ì¤‘
10-Apr-2020 10:33:23.942 ì •ë³´ [main] org.apache.catalina.core.StandardService.stopInternal ì„œë¹„ìŠ¤ [Catalina]ì„(ë¥¼) ì¤‘ì§€ì‹œí‚µë‹ˆë‹¤.
10-Apr-2020 10:33:23.954 ì •ë³´ [main] org.apache.coyote.AbstractProtocol.stop í”„ë¡œí† ì½œ í•¸ë“¤ëŸ¬ ["http-nio-8080"]ì„(ë¥¼) ì¤‘ì§€ì‹œí‚µë‹ˆë‹¤.
10-Apr-2020 10:33:23.955 ì •ë³´ [main] org.apache.coyote.AbstractProtocol.destroy í”„ë¡œí† ì½œ í•¸ë“¤ëŸ¬ ["http-nio-8080"]ì„(ë¥¼) ì†Œë©¸ì‹œí‚µë‹ˆë‹¤.
10-Apr-2020 10:33:59.915 ì •ë³´ [main] org.apache.catalina.startup.VersionLoggerListener.log ì„œë²„ ë²„ì „ ì´ë¦„:        Apache Tomcat/9.0.33
10-Apr-2020 10:33:59.917 ì •ë³´ [main] org.apache.catalina.startup.VersionLoggerListener.log Server ë¹Œë“œ ì‹œê°:          Mar 11 2020 09:31:38 UTC
10-Apr-2020 10:33:59.917 ì •ë³´ [main] org.apache.catalina.startup.VersionLoggerListener.log Server ë²„ì „ ë²ˆí˜¸:         9.0.33.0
10-Apr-2020 10:33:59.917 ì •ë³´ [main] org.apache.catalina.startup.VersionLoggerListener.log ìš´ì˜ì²´ì œ ì´ë¦„:               Windows 10
10-Apr-2020 10:33:59.917 ì •ë³´ [main] org.apache.catalina.startup.VersionLoggerListener.log ìš´ì˜ì²´ì œ ë²„ì „:            10.0
10-Apr-2020 10:33:59.917 ì •ë³´ [main] org.apache.catalina.startup.VersionLoggerListener.log ì•„í‚¤í…ì²˜:          amd64
10-Apr-2020 10:33:59.917 ì •ë³´ [main] org.apache.catalina.startup.VersionLoggerListener.log ìë°” í™ˆ:             C:\Program Files\Java\jdk1.8.0_231\jre
10-Apr-2020 10:33:59.918 ì •ë³´ [main] org.apache.catalina.startup.VersionLoggerListener.log JVM ë²„ì „:           1.8.0_231-b11
10-Apr-2020 10:33:59.918 ì •ë³´ [main] org.apache.catalina.startup.VersionLoggerListener.log JVM ë²¤ë”:            Oracle Corporation
10-Apr-2020 10:33:59.918 ì •ë³´ [main] org.apache.catalina.startup.VersionLoggerListener.log CATALINA_BASE:         C:\Users\chris\Desktop\ê°•ì˜ìë£Œ\Servlet_JSP\util\apache-tomcat-9.0.33-windows-x64\apache-tomcat-9.0.33
10-Apr-2020 10:33:59.918 ì •ë³´ [main] org.apache.catalina.startup.VersionLoggerListener.log CATALINA_HOME:         C:\Users\chris\Desktop\ê°•ì˜ìë£Œ\Servlet_JSP\util\apache-tomcat-9.0.33-windows-x64\apache-tomcat-9.0.33
10-Apr-2020 10:33:59.920 ì •ë³´ [main] org.apache.catalina.startup.VersionLoggerListener.log ëª…ë ¹ í–‰ ì•„ê·œë¨¼íŠ¸: -Djava.util.logging.config.file=C:/Users/chris/Desktop/ê°•ì˜ìë£Œ/Servlet_JSP/util/apache-tomcat-9.0.33-windows-x64/apache-tomcat-9.0.33/conf/logging.properties
10-Apr-2020 10:33:59.920 ì •ë³´ [main] org.apache.catalina.startup.VersionLoggerListener.log ëª…ë ¹ í–‰ ì•„ê·œë¨¼íŠ¸: -Djava.util.logging.manager=org.apache.juli.ClassLoaderLogManager
10-Apr-2020 10:33:59.920 ì •ë³´ [main] org.apache.catalina.startup.VersionLoggerListener.log ëª…ë ¹ í–‰ ì•„ê·œë¨¼íŠ¸: -Djdk.tls.ephemeralDHKeySize=2048
10-Apr-2020 10:33:59.920 ì •ë³´ [main] org.apache.catalina.startup.VersionLoggerListener.log ëª…ë ¹ í–‰ ì•„ê·œë¨¼íŠ¸: -Djava.protocol.handler.pkgs=org.apache.catalina.webresources
10-Apr-2020 10:33:59.920 ì •ë³´ [main] org.apache.catalina.startup.VersionLoggerListener.log ëª…ë ¹ í–‰ ì•„ê·œë¨¼íŠ¸: -Dorg.apache.catalina.security.SecurityListener.UMASK=0027
10-Apr-2020 10:33:59.920 ì •ë³´ [main] org.apache.catalina.startup.VersionLoggerListener.log ëª…ë ¹ í–‰ ì•„ê·œë¨¼íŠ¸: -Dignore.endorsed.dirs=
10-Apr-2020 10:33:59.920 ì •ë³´ [main] org.apache.catalina.startup.VersionLoggerListener.log ëª…ë ¹ í–‰ ì•„ê·œë¨¼íŠ¸: -Dcatalina.base=C:/Users/chris/Desktop/ê°•ì˜ìë£Œ/Servlet_JSP/util/apache-tomcat-9.0.33-windows-x64/apache-tomcat-9.0.33
10-Apr-2020 10:33:59.920 ì •ë³´ [main] org.apache.catalina.startup.VersionLoggerListener.log ëª…ë ¹ í–‰ ì•„ê·œë¨¼íŠ¸: -Dcatalina.home=C:/Users/chris/Desktop/ê°•ì˜ìë£Œ/Servlet_JSP/util/apache-tomcat-9.0.33-windows-x64/apache-tomcat-9.0.33
10-Apr-2020 10:33:59.920 ì •ë³´ [main] org.apache.catalina.startup.VersionLoggerListener.log ëª…ë ¹ í–‰ ì•„ê·œë¨¼íŠ¸: -Djava.io.tmpdir=C:/Users/chris/Desktop/ê°•ì˜ìë£Œ/Servlet_JSP/util/apache-tomcat-9.0.33-windows-x64/apache-tomcat-9.0.33/temp
10-Apr-2020 10:33:59.921 ì •ë³´ [main] org.apache.catalina.core.AprLifecycleListener.lifecycleEvent APR ë²„ì „ [1.7.0]ì„(ë¥¼) ì‚¬ìš©í•œ, APR ê¸°ë°˜ Apache Tomcat Native ë¼ì´ë¸ŒëŸ¬ë¦¬ [1.2.23]ì„(ë¥¼) ë¡œë“œí–ˆìŠµë‹ˆë‹¤.
10-Apr-2020 10:33:59.921 ì •ë³´ [main] org.apache.catalina.core.AprLifecycleListener.lifecycleEvent APR ìš©ëŸ‰ì •ë³´ë“¤: IPv6 [true], sendfile [true], accept filters [false], random [true].
10-Apr-2020 10:33:59.921 ì •ë³´ [main] org.apache.catalina.core.AprLifecycleListener.lifecycleEvent APR/OpenSSL ì„¤ì •: useAprConnector [false], useOpenSSL [true]
10-Apr-2020 10:33:59.924 ì •ë³´ [main] org.apache.catalina.core.AprLifecycleListener.initializeSSL OpenSSLì´ ì„±ê³µì ìœ¼ë¡œ ì´ˆê¸°í™”ë˜ì—ˆìŠµë‹ˆë‹¤: [OpenSSL 1.1.1c  28 May 2019]
10-Apr-2020 10:34:00.132 ì •ë³´ [main] org.apache.coyote.AbstractProtocol.init í”„ë¡œí† ì½œ í•¸ë“¤ëŸ¬ ["http-nio-8080"]ì„(ë¥¼) ì´ˆê¸°í™”í•©ë‹ˆë‹¤.
10-Apr-2020 10:34:00.235 ì •ë³´ [main] org.apache.catalina.startup.Catalina.load [479] ë°€ë¦¬ì´ˆ ë‚´ì— ì„œë²„ê°€ ì´ˆê¸°í™”ë˜ì—ˆìŠµë‹ˆë‹¤.
10-Apr-2020 10:34:00.256 ì •ë³´ [main] org.apache.catalina.core.StandardService.startInternal ì„œë¹„ìŠ¤ [Catalina]ì„(ë¥¼) ì‹œì‘í•©ë‹ˆë‹¤.
10-Apr-2020 10:34:00.256 ì •ë³´ [main] org.apache.catalina.core.StandardEngine.startInternal ì„œë²„ ì—”ì§„ì„ ì‹œì‘í•©ë‹ˆë‹¤: [Apache Tomcat/9.0.33]
10-Apr-2020 10:34:00.268 ì •ë³´ [main] org.apache.catalina.startup.HostConfig.deployWAR ì›¹ ì• í”Œë¦¬ì¼€ì´ì…˜ ì•„ì¹´ì´ë¸Œ [C:\Users\chris\Desktop\ê°•ì˜ìë£Œ\Servlet_JSP\util\apache-tomcat-9.0.33-windows-x64\apache-tomcat-9.0.33\webapps\_04_StartServlet.war]ì„(ë¥¼) ë°°ì¹˜í•©ë‹ˆë‹¤.
10-Apr-2020 10:34:00.450 ì •ë³´ [main] org.apache.catalina.startup.HostConfig.deployWAR ì›¹ ì• í”Œë¦¬ì¼€ì´ì…˜ ì•„ì¹´ì´ë¸Œ [C:\Users\chris\Desktop\ê°•ì˜ìë£Œ\Servlet_JSP\util\apache-tomcat-9.0.33-windows-x64\apache-tomcat-9.0.33\webapps\_04_StartServlet.war]ì˜ ë°°ì¹˜ê°€ [181] ë°€ë¦¬ì´ˆì— ì™„ë£Œë˜ì—ˆìŠµë‹ˆë‹¤.
10-Apr-2020 10:34:00.450 ì •ë³´ [main] org.apache.catalina.startup.HostConfig.deployDirectory ì›¹ ì• í”Œë¦¬ì¼€ì´ì…˜ ë””ë ‰í† ë¦¬ [C:\Users\chris\Desktop\ê°•ì˜ìë£Œ\Servlet_JSP\util\apache-tomcat-9.0.33-windows-x64\apache-tomcat-9.0.33\webapps\docs]ì„(ë¥¼) ë°°ì¹˜í•©ë‹ˆë‹¤.
10-Apr-2020 10:34:00.473 ì •ë³´ [main] org.apache.catalina.startup.HostConfig.deployDirectory ì›¹ ì• í”Œë¦¬ì¼€ì´ì…˜ ë””ë ‰í† ë¦¬ [C:\Users\chris\Desktop\ê°•ì˜ìë£Œ\Servlet_JSP\util\apache-tomcat-9.0.33-windows-x64\apache-tomcat-9.0.33\webapps\docs]ì— ëŒ€í•œ ë°°ì¹˜ê°€ [22] ë°€ë¦¬ì´ˆì— ì™„ë£Œë˜ì—ˆìŠµë‹ˆë‹¤.
10-Apr-2020 10:34:00.473 ì •ë³´ [main] org.apache.catalina.startup.HostConfig.deployDirectory ì›¹ ì• í”Œë¦¬ì¼€ì´ì…˜ ë””ë ‰í† ë¦¬ [C:\Users\chris\Desktop\ê°•ì˜ìë£Œ\Servlet_JSP\util\apache-tomcat-9.0.33-windows-x64\apache-tomcat-9.0.33\webapps\examples]ì„(ë¥¼) ë°°ì¹˜í•©ë‹ˆë‹¤.
10-Apr-2020 10:34:00.779 ì •ë³´ [main] org.apache.catalina.startup.HostConfig.deployDirectory ì›¹ ì• í”Œë¦¬ì¼€ì´ì…˜ ë””ë ‰í† ë¦¬ [C:\Users\chris\Desktop\ê°•ì˜ìë£Œ\Servlet_JSP\util\apache-tomcat-9.0.33-windows-x64\apache-tomcat-9.0.33\webapps\examples]ì— ëŒ€í•œ ë°°ì¹˜ê°€ [306] ë°€ë¦¬ì´ˆì— ì™„ë£Œë˜ì—ˆìŠµë‹ˆë‹¤.
10-Apr-2020 10:34:00.779 ì •ë³´ [main] org.apache.catalina.startup.HostConfig.deployDirectory ì›¹ ì• í”Œë¦¬ì¼€ì´ì…˜ ë””ë ‰í† ë¦¬ [C:\Users\chris\Desktop\ê°•ì˜ìë£Œ\Servlet_JSP\util\apache-tomcat-9.0.33-windows-x64\apache-tomcat-9.0.33\webapps\host-manager]ì„(ë¥¼) ë°°ì¹˜í•©ë‹ˆë‹¤.
10-Apr-2020 10:34:00.802 ì •ë³´ [main] org.apache.catalina.startup.HostConfig.deployDirectory ì›¹ ì• í”Œë¦¬ì¼€ì´ì…˜ ë””ë ‰í† ë¦¬ [C:\Users\chris\Desktop\ê°•ì˜ìë£Œ\Servlet_JSP\util\apache-tomcat-9.0.33-windows-x64\apache-tomcat-9.0.33\webapps\host-manager]ì— ëŒ€í•œ ë°°ì¹˜ê°€ [23] ë°€ë¦¬ì´ˆì— ì™„ë£Œë˜ì—ˆìŠµë‹ˆë‹¤.
10-Apr-2020 10:34:00.802 ì •ë³´ [main] org.apache.catalina.startup.HostConfig.deployDirectory ì›¹ ì• í”Œë¦¬ì¼€ì´ì…˜ ë””ë ‰í† ë¦¬ [C:\Users\chris\Desktop\ê°•ì˜ìë£Œ\Servlet_JSP\util\apache-tomcat-9.0.33-windows-x64\apache-tomcat-9.0.33\webapps\manager]ì„(ë¥¼) ë°°ì¹˜í•©ë‹ˆë‹¤.
10-Apr-2020 10:34:00.823 ì •ë³´ [main] org.apache.catalina.startup.HostConfig.deployDirectory ì›¹ ì• í”Œë¦¬ì¼€ì´ì…˜ ë””ë ‰í† ë¦¬ [C:\Users\chris\Desktop\ê°•ì˜ìë£Œ\Servlet_JSP\util\apache-tomcat-9.0.33-windows-x64\apache-tomcat-9.0.33\webapps\manager]ì— ëŒ€í•œ ë°°ì¹˜ê°€ [21] ë°€ë¦¬ì´ˆì— ì™„ë£Œë˜ì—ˆìŠµë‹ˆë‹¤.
10-Apr-2020 10:34:00.824 ì •ë³´ [main] org.apache.catalina.startup.HostConfig.deployDirectory ì›¹ ì• í”Œë¦¬ì¼€ì´ì…˜ ë””ë ‰í† ë¦¬ [C:\Users\chris\Desktop\ê°•ì˜ìë£Œ\Servlet_JSP\util\apache-tomcat-9.0.33-windows-x64\apache-tomcat-9.0.33\webapps\ROOT]ì„(ë¥¼) ë°°ì¹˜í•©ë‹ˆë‹¤.
10-Apr-2020 10:34:00.839 ì •ë³´ [main] org.apache.catalina.startup.HostConfig.deployDirectory ì›¹ ì• í”Œë¦¬ì¼€ì´ì…˜ ë””ë ‰í† ë¦¬ [C:\Users\chris\Desktop\ê°•ì˜ìë£Œ\Servlet_JSP\util\apache-tomcat-9.0.33-windows-x64\apache-tomcat-9.0.33\webapps\ROOT]ì— ëŒ€í•œ ë°°ì¹˜ê°€ [16] ë°€ë¦¬ì´ˆì— ì™„ë£Œë˜ì—ˆìŠµë‹ˆë‹¤.
10-Apr-2020 10:34:00.842 ì •ë³´ [main] org.apache.coyote.AbstractProtocol.start í”„ë¡œí† ì½œ í•¸ë“¤ëŸ¬ ["http-nio-8080"]ì„(ë¥¼) ì‹œì‘í•©ë‹ˆë‹¤.
10-Apr-2020 10:34:00.847 ì •ë³´ [main] org.apache.catalina.startup.Catalina.start ì„œë²„ê°€ [612] ë°€ë¦¬ì´ˆ ë‚´ì— ì‹œì‘ë˜ì—ˆìŠµë‹ˆë‹¤.
10-Apr-2020 10:37:00.939 ì •ë³´ [main] org.apache.catalina.core.StandardServer.await ì…§ë‹¤ìš´ í¬íŠ¸ë¥¼ í†µí•´ ìœ íš¨í•œ ì…§ë‹¤ìš´ ëª…ë ¹ì„ ë°›ì•˜ìŠµë‹ˆë‹¤. ì„œë²„ ì¸ìŠ¤í„´ìŠ¤ë¥¼ ì¤‘ì§€ì‹œí‚µë‹ˆë‹¤.
10-Apr-2020 10:37:00.940 ì •ë³´ [main] org.apache.coyote.AbstractProtocol.pause í”„ë¡œí† ì½œ í•¸ë“¤ëŸ¬ ["http-nio-8080"]ì„(ë¥¼) ì¼ì‹œ ì •ì§€ ì¤‘
10-Apr-2020 10:37:01.018 ì •ë³´ [main] org.apache.catalina.core.StandardService.stopInternal ì„œë¹„ìŠ¤ [Catalina]ì„(ë¥¼) ì¤‘ì§€ì‹œí‚µë‹ˆë‹¤.
10-Apr-2020 10:37:01.036 ì •ë³´ [main] org.apache.coyote.AbstractProtocol.stop í”„ë¡œí† ì½œ í•¸ë“¤ëŸ¬ ["http-nio-8080"]ì„(ë¥¼) ì¤‘ì§€ì‹œí‚µë‹ˆë‹¤.
10-Apr-2020 10:37:01.038 ì •ë³´ [main] org.apache.coyote.AbstractProtocol.destroy í”„ë¡œí† ì½œ í•¸ë“¤ëŸ¬ ["http-nio-8080"]ì„(ë¥¼) ì†Œë©¸ì‹œí‚µë‹ˆë‹¤.
10-Apr-2020 11:08:20.976 ì •ë³´ [main] org.apache.catalina.startup.VersionLoggerListener.log ì„œë²„ ë²„ì „ ì´ë¦„:        Apache Tomcat/9.0.33
10-Apr-2020 11:08:20.992 ì •ë³´ [main] org.apache.catalina.startup.VersionLoggerListener.log Server ë¹Œë“œ ì‹œê°:          Mar 11 2020 09:31:38 UTC
10-Apr-2020 11:08:20.992 ì •ë³´ [main] org.apache.catalina.startup.VersionLoggerListener.log Server ë²„ì „ ë²ˆí˜¸:         9.0.33.0
10-Apr-2020 11:08:20.992 ì •ë³´ [main] org.apache.catalina.startup.VersionLoggerListener.log ìš´ì˜ì²´ì œ ì´ë¦„:               Windows 10
10-Apr-2020 11:08:20.992 ì •ë³´ [main] org.apache.catalina.startup.VersionLoggerListener.log ìš´ì˜ì²´ì œ ë²„ì „:            10.0
10-Apr-2020 11:08:20.992 ì •ë³´ [main] org.apache.catalina.startup.VersionLoggerListener.log ì•„í‚¤í…ì²˜:          amd64
10-Apr-2020 11:08:20.992 ì •ë³´ [main] org.apache.catalina.startup.VersionLoggerListener.log ìë°” í™ˆ:             C:\Program Files\Java\jdk1.8.0_231\jre
10-Apr-2020 11:08:20.992 ì •ë³´ [main] org.apache.catalina.startup.VersionLoggerListener.log JVM ë²„ì „:           1.8.0_231-b11
10-Apr-2020 11:08:20.992 ì •ë³´ [main] org.apache.catalina.startup.VersionLoggerListener.log JVM ë²¤ë”:            Oracle Corporation
10-Apr-2020 11:08:20.993 ì •ë³´ [main] org.apache.catalina.startup.VersionLoggerListener.log CATALINA_BASE:         C:\Users\chris\Desktop\ê°•ì˜ìë£Œ\Servlet_JSP\util\apache-tomcat-9.0.33-windows-x64\apache-tomcat-9.0.33
10-Apr-2020 11:08:20.993 ì •ë³´ [main] org.apache.catalina.startup.VersionLoggerListener.log CATALINA_HOME:         C:\Users\chris\Desktop\ê°•ì˜ìë£Œ\Servlet_JSP\util\apache-tomcat-9.0.33-windows-x64\apache-tomcat-9.0.33
10-Apr-2020 11:08:20.994 ì •ë³´ [main] org.apache.catalina.startup.VersionLoggerListener.log ëª…ë ¹ í–‰ ì•„ê·œë¨¼íŠ¸: -Djava.util.logging.config.file=C:/Users/chris/Desktop/ê°•ì˜ìë£Œ/Servlet_JSP/util/apache-tomcat-9.0.33-windows-x64/apache-tomcat-9.0.33/conf/logging.properties
10-Apr-2020 11:08:20.994 ì •ë³´ [main] org.apache.catalina.startup.VersionLoggerListener.log ëª…ë ¹ í–‰ ì•„ê·œë¨¼íŠ¸: -Djava.util.logging.manager=org.apache.juli.ClassLoaderLogManager
10-Apr-2020 11:08:20.994 ì •ë³´ [main] org.apache.catalina.startup.VersionLoggerListener.log ëª…ë ¹ í–‰ ì•„ê·œë¨¼íŠ¸: -Djdk.tls.ephemeralDHKeySize=2048
10-Apr-2020 11:08:20.994 ì •ë³´ [main] org.apache.catalina.startup.VersionLoggerListener.log ëª…ë ¹ í–‰ ì•„ê·œë¨¼íŠ¸: -Djava.protocol.handler.pkgs=org.apache.catalina.webresources
10-Apr-2020 11:08:20.994 ì •ë³´ [main] org.apache.catalina.startup.VersionLoggerListener.log ëª…ë ¹ í–‰ ì•„ê·œë¨¼íŠ¸: -Dorg.apache.catalina.security.SecurityListener.UMASK=0027
10-Apr-2020 11:08:20.994 ì •ë³´ [main] org.apache.catalina.startup.VersionLoggerListener.log ëª…ë ¹ í–‰ ì•„ê·œë¨¼íŠ¸: -Dignore.endorsed.dirs=
10-Apr-2020 11:08:20.994 ì •ë³´ [main] org.apache.catalina.startup.VersionLoggerListener.log ëª…ë ¹ í–‰ ì•„ê·œë¨¼íŠ¸: -Dcatalina.base=C:/Users/chris/Desktop/ê°•ì˜ìë£Œ/Servlet_JSP/util/apache-tomcat-9.0.33-windows-x64/apache-tomcat-9.0.33
10-Apr-2020 11:08:20.994 ì •ë³´ [main] org.apache.catalina.startup.VersionLoggerListener.log ëª…ë ¹ í–‰ ì•„ê·œë¨¼íŠ¸: -Dcatalina.home=C:/Users/chris/Desktop/ê°•ì˜ìë£Œ/Servlet_JSP/util/apache-tomcat-9.0.33-windows-x64/apache-tomcat-9.0.33
10-Apr-2020 11:08:20.994 ì •ë³´ [main] org.apache.catalina.startup.VersionLoggerListener.log ëª…ë ¹ í–‰ ì•„ê·œë¨¼íŠ¸: -Djava.io.tmpdir=C:/Users/chris/Desktop/ê°•ì˜ìë£Œ/Servlet_JSP/util/apache-tomcat-9.0.33-windows-x64/apache-tomcat-9.0.33/temp
10-Apr-2020 11:08:20.994 ì •ë³´ [main] org.apache.catalina.core.AprLifecycleListener.lifecycleEvent APR ë²„ì „ [1.7.0]ì„(ë¥¼) ì‚¬ìš©í•œ, APR ê¸°ë°˜ Apache Tomcat Native ë¼ì´ë¸ŒëŸ¬ë¦¬ [1.2.23]ì„(ë¥¼) ë¡œë“œí–ˆìŠµë‹ˆë‹¤.
10-Apr-2020 11:08:20.994 ì •ë³´ [main] org.apache.catalina.core.AprLifecycleListener.lifecycleEvent APR ìš©ëŸ‰ì •ë³´ë“¤: IPv6 [true], sendfile [true], accept filters [false], random [true].
10-Apr-2020 11:08:20.994 ì •ë³´ [main] org.apache.catalina.core.AprLifecycleListener.lifecycleEvent APR/OpenSSL ì„¤ì •: useAprConnector [false], useOpenSSL [true]
10-Apr-2020 11:08:20.999 ì •ë³´ [main] org.apache.catalina.core.AprLifecycleListener.initializeSSL OpenSSLì´ ì„±ê³µì ìœ¼ë¡œ ì´ˆê¸°í™”ë˜ì—ˆìŠµë‹ˆë‹¤: [OpenSSL 1.1.1c  28 May 2019]
10-Apr-2020 11:08:21.436 ì •ë³´ [main] org.apache.coyote.AbstractProtocol.init í”„ë¡œí† ì½œ í•¸ë“¤ëŸ¬ ["http-nio-8080"]ì„(ë¥¼) ì´ˆê¸°í™”í•©ë‹ˆë‹¤.
10-Apr-2020 11:08:21.529 ì •ë³´ [main] org.apache.catalina.startup.Catalina.load [685] ë°€ë¦¬ì´ˆ ë‚´ì— ì„œë²„ê°€ ì´ˆê¸°í™”ë˜ì—ˆìŠµë‹ˆë‹¤.
10-Apr-2020 11:08:21.549 ì •ë³´ [main] org.apache.catalina.core.StandardService.startInternal ì„œë¹„ìŠ¤ [Catalina]ì„(ë¥¼) ì‹œì‘í•©ë‹ˆë‹¤.
10-Apr-2020 11:08:21.549 ì •ë³´ [main] org.apache.catalina.core.StandardEngine.startInternal ì„œë²„ ì—”ì§„ì„ ì‹œì‘í•©ë‹ˆë‹¤: [Apache Tomcat/9.0.33]
10-Apr-2020 11:08:21.561 ì •ë³´ [main] org.apache.catalina.startup.HostConfig.deployWAR ì›¹ ì• í”Œë¦¬ì¼€ì´ì…˜ ì•„ì¹´ì´ë¸Œ [C:\Users\chris\Desktop\ê°•ì˜ìë£Œ\Servlet_JSP\util\apache-tomcat-9.0.33-windows-x64\apache-tomcat-9.0.33\webapps\_03_Http.war]ì„(ë¥¼) ë°°ì¹˜í•©ë‹ˆë‹¤.
10-Apr-2020 11:08:21.789 ì •ë³´ [main] org.apache.catalina.startup.HostConfig.deployWAR ì›¹ ì• í”Œë¦¬ì¼€ì´ì…˜ ì•„ì¹´ì´ë¸Œ [C:\Users\chris\Desktop\ê°•ì˜ìë£Œ\Servlet_JSP\util\apache-tomcat-9.0.33-windows-x64\apache-tomcat-9.0.33\webapps\_03_Http.war]ì˜ ë°°ì¹˜ê°€ [228] ë°€ë¦¬ì´ˆì— ì™„ë£Œë˜ì—ˆìŠµë‹ˆë‹¤.
10-Apr-2020 11:08:21.790 ì •ë³´ [main] org.apache.catalina.startup.HostConfig.deployWAR ì›¹ ì• í”Œë¦¬ì¼€ì´ì…˜ ì•„ì¹´ì´ë¸Œ [C:\Users\chris\Desktop\ê°•ì˜ìë£Œ\Servlet_JSP\util\apache-tomcat-9.0.33-windows-x64\apache-tomcat-9.0.33\webapps\_04_StartServlet.war]ì„(ë¥¼) ë°°ì¹˜í•©ë‹ˆë‹¤.
10-Apr-2020 11:08:21.821 ì •ë³´ [main] org.apache.catalina.startup.HostConfig.deployWAR ì›¹ ì• í”Œë¦¬ì¼€ì´ì…˜ ì•„ì¹´ì´ë¸Œ [C:\Users\chris\Desktop\ê°•ì˜ìë£Œ\Servlet_JSP\util\apache-tomcat-9.0.33-windows-x64\apache-tomcat-9.0.33\webapps\_04_StartServlet.war]ì˜ ë°°ì¹˜ê°€ [31] ë°€ë¦¬ì´ˆì— ì™„ë£Œë˜ì—ˆìŠµë‹ˆë‹¤.
10-Apr-2020 11:08:21.822 ì •ë³´ [main] org.apache.catalina.startup.HostConfig.deployDirectory ì›¹ ì• í”Œë¦¬ì¼€ì´ì…˜ ë””ë ‰í† ë¦¬ [C:\Users\chris\Desktop\ê°•ì˜ìë£Œ\Servlet_JSP\util\apache-tomcat-9.0.33-windows-x64\apache-tomcat-9.0.33\webapps\docs]ì„(ë¥¼) ë°°ì¹˜í•©ë‹ˆë‹¤.
10-Apr-2020 11:08:21.839 ì •ë³´ [main] org.apache.catalina.startup.HostConfig.deployDirectory ì›¹ ì• í”Œë¦¬ì¼€ì´ì…˜ ë””ë ‰í† ë¦¬ [C:\Users\chris\Desktop\ê°•ì˜ìë£Œ\Servlet_JSP\util\apache-tomcat-9.0.33-windows-x64\apache-tomcat-9.0.33\webapps\docs]ì— ëŒ€í•œ ë°°ì¹˜ê°€ [17] ë°€ë¦¬ì´ˆì— ì™„ë£Œë˜ì—ˆìŠµë‹ˆë‹¤.
10-Apr-2020 11:08:21.839 ì •ë³´ [main] org.apache.catalina.startup.HostConfig.deployDirectory ì›¹ ì• í”Œë¦¬ì¼€ì´ì…˜ ë””ë ‰í† ë¦¬ [C:\Users\chris\Desktop\ê°•ì˜ìë£Œ\Servlet_JSP\util\apache-tomcat-9.0.33-windows-x64\apache-tomcat-9.0.33\webapps\examples]ì„(ë¥¼) ë°°ì¹˜í•©ë‹ˆë‹¤.
10-Apr-2020 11:08:22.105 ì •ë³´ [main] org.apache.catalina.startup.HostConfig.deployDirectory ì›¹ ì• í”Œë¦¬ì¼€ì´ì…˜ ë””ë ‰í† ë¦¬ [C:\Users\chris\Desktop\ê°•ì˜ìë£Œ\Servlet_JSP\util\apache-tomcat-9.0.33-windows-x64\apache-tomcat-9.0.33\webapps\examples]ì— ëŒ€í•œ ë°°ì¹˜ê°€ [266] ë°€ë¦¬ì´ˆì— ì™„ë£Œë˜ì—ˆìŠµë‹ˆë‹¤.
10-Apr-2020 11:08:22.106 ì •ë³´ [main] org.apache.catalina.startup.HostConfig.deployDirectory ì›¹ ì• í”Œë¦¬ì¼€ì´ì…˜ ë””ë ‰í† ë¦¬ [C:\Users\chris\Desktop\ê°•ì˜ìë£Œ\Servlet_JSP\util\apache-tomcat-9.0.33-windows-x64\apache-tomcat-9.0.33\webapps\host-manager]ì„(ë¥¼) ë°°ì¹˜í•©ë‹ˆë‹¤.
10-Apr-2020 11:08:22.128 ì •ë³´ [main] org.apache.catalina.startup.HostConfig.deployDirectory ì›¹ ì• í”Œë¦¬ì¼€ì´ì…˜ ë””ë ‰í† ë¦¬ [C:\Users\chris\Desktop\ê°•ì˜ìë£Œ\Servlet_JSP\util\apache-tomcat-9.0.33-windows-x64\apache-tomcat-9.0.33\webapps\host-manager]ì— ëŒ€í•œ ë°°ì¹˜ê°€ [22] ë°€ë¦¬ì´ˆì— ì™„ë£Œë˜ì—ˆìŠµë‹ˆë‹¤.
10-Apr-2020 11:08:22.128 ì •ë³´ [main] org.apache.catalina.startup.HostConfig.deployDirectory ì›¹ ì• í”Œë¦¬ì¼€ì´ì…˜ ë””ë ‰í† ë¦¬ [C:\Users\chris\Desktop\ê°•ì˜ìë£Œ\Servlet_JSP\util\apache-tomcat-9.0.33-windows-x64\apache-tomcat-9.0.33\webapps\manager]ì„(ë¥¼) ë°°ì¹˜í•©ë‹ˆë‹¤.
10-Apr-2020 11:08:22.147 ì •ë³´ [main] org.apache.catalina.startup.HostConfig.deployDirectory ì›¹ ì• í”Œë¦¬ì¼€ì´ì…˜ ë””ë ‰í† ë¦¬ [C:\Users\chris\Desktop\ê°•ì˜ìë£Œ\Servlet_JSP\util\apache-tomcat-9.0.33-windows-x64\apache-tomcat-9.0.33\webapps\manager]ì— ëŒ€í•œ ë°°ì¹˜ê°€ [19] ë°€ë¦¬ì´ˆì— ì™„ë£Œë˜ì—ˆìŠµë‹ˆë‹¤.
10-Apr-2020 11:08:22.148 ì •ë³´ [main] org.apache.catalina.startup.HostConfig.deployDirectory ì›¹ ì• í”Œë¦¬ì¼€ì´ì…˜ ë””ë ‰í† ë¦¬ [C:\Users\chris\Desktop\ê°•ì˜ìë£Œ\Servlet_JSP\util\apache-tomcat-9.0.33-windows-x64\apache-tomcat-9.0.33\webapps\ROOT]ì„(ë¥¼) ë°°ì¹˜í•©ë‹ˆë‹¤.
10-Apr-2020 11:08:22.162 ì •ë³´ [main] org.apache.catalina.startup.HostConfig.deployDirectory ì›¹ ì• í”Œë¦¬ì¼€ì´ì…˜ ë””ë ‰í† ë¦¬ [C:\Users\chris\Desktop\ê°•ì˜ìë£Œ\Servlet_JSP\util\apache-tomcat-9.0.33-windows-x64\apache-tomcat-9.0.33\webapps\ROOT]ì— ëŒ€í•œ ë°°ì¹˜ê°€ [14] ë°€ë¦¬ì´ˆì— ì™„ë£Œë˜ì—ˆìŠµë‹ˆë‹¤.
10-Apr-2020 11:08:22.164 ì •ë³´ [main] org.apache.coyote.AbstractProtocol.start í”„ë¡œí† ì½œ í•¸ë“¤ëŸ¬ ["http-nio-8080"]ì„(ë¥¼) ì‹œì‘í•©ë‹ˆë‹¤.
10-Apr-2020 11:08:22.171 ì •ë³´ [main] org.apache.catalina.startup.Catalina.start ì„œë²„ê°€ [641] ë°€ë¦¬ì´ˆ ë‚´ì— ì‹œì‘ë˜ì—ˆìŠµë‹ˆë‹¤.
contextRootPath : C:\Users\chris\Desktop\°­ÀÇÀÚ·á\Servlet_JSP\util\apache-tomcat-9.0.33-windows-x64\apache-tomcat-9.0.33\webapps\_03_Http\
10-Apr-2020 11:16:26.181 ì •ë³´ [main] org.apache.catalina.core.StandardServer.await ì…§ë‹¤ìš´ í¬íŠ¸ë¥¼ í†µí•´ ìœ íš¨í•œ ì…§ë‹¤ìš´ ëª…ë ¹ì„ ë°›ì•˜ìŠµë‹ˆë‹¤. ì„œë²„ ì¸ìŠ¤í„´ìŠ¤ë¥¼ ì¤‘ì§€ì‹œí‚µë‹ˆë‹¤.
10-Apr-2020 11:16:26.182 ì •ë³´ [main] org.apache.coyote.AbstractProtocol.pause í”„ë¡œí† ì½œ í•¸ë“¤ëŸ¬ ["http-nio-8080"]ì„(ë¥¼) ì¼ì‹œ ì •ì§€ ì¤‘
10-Apr-2020 11:16:26.267 ì •ë³´ [main] org.apache.catalina.core.StandardService.stopInternal ì„œë¹„ìŠ¤ [Catalina]ì„(ë¥¼) ì¤‘ì§€ì‹œí‚µë‹ˆë‹¤.
10-Apr-2020 11:16:26.294 ì •ë³´ [main] org.apache.coyote.AbstractProtocol.stop í”„ë¡œí† ì½œ í•¸ë“¤ëŸ¬ ["http-nio-8080"]ì„(ë¥¼) ì¤‘ì§€ì‹œí‚µë‹ˆë‹¤.
10-Apr-2020 11:16:26.295 ì •ë³´ [main] org.apache.coyote.AbstractProtocol.destroy í”„ë¡œí† ì½œ í•¸ë“¤ëŸ¬ ["http-nio-8080"]ì„(ë¥¼) ì†Œë©¸ì‹œí‚µë‹ˆë‹¤.
