10-Apr-2020 10:31:35.578 정보 [main] org.apache.catalina.startup.VersionLoggerListener.log 서버 버전 이름:        Apache Tomcat/9.0.33
10-Apr-2020 10:31:35.595 정보 [main] org.apache.catalina.startup.VersionLoggerListener.log Server 빌드 시각:          Mar 11 2020 09:31:38 UTC
10-Apr-2020 10:31:35.595 정보 [main] org.apache.catalina.startup.VersionLoggerListener.log Server 버전 번호:         9.0.33.0
10-Apr-2020 10:31:35.595 정보 [main] org.apache.catalina.startup.VersionLoggerListener.log 운영체제 이름:               Windows 10
10-Apr-2020 10:31:35.595 정보 [main] org.apache.catalina.startup.VersionLoggerListener.log 운영체제 버전:            10.0
10-Apr-2020 10:31:35.595 정보 [main] org.apache.catalina.startup.VersionLoggerListener.log 아키텍처:          amd64
10-Apr-2020 10:31:35.595 정보 [main] org.apache.catalina.startup.VersionLoggerListener.log 자바 홈:             C:\Program Files\Java\jdk1.8.0_231\jre
10-Apr-2020 10:31:35.595 정보 [main] org.apache.catalina.startup.VersionLoggerListener.log JVM 버전:           1.8.0_231-b11
10-Apr-2020 10:31:35.595 정보 [main] org.apache.catalina.startup.VersionLoggerListener.log JVM 벤더:            Oracle Corporation
10-Apr-2020 10:31:35.595 정보 [main] org.apache.catalina.startup.VersionLoggerListener.log CATALINA_BASE:         C:\Users\chris\Desktop\강의자료\Servlet_JSP\util\apache-tomcat-9.0.33-windows-x64\apache-tomcat-9.0.33
10-Apr-2020 10:31:35.595 정보 [main] org.apache.catalina.startup.VersionLoggerListener.log CATALINA_HOME:         C:\Users\chris\Desktop\강의자료\Servlet_JSP\util\apache-tomcat-9.0.33-windows-x64\apache-tomcat-9.0.33
10-Apr-2020 10:31:35.611 정보 [main] org.apache.catalina.startup.VersionLoggerListener.log 명령 행 아규먼트: -Djava.util.logging.config.file=C:/Users/chris/Desktop/강의자료/Servlet_JSP/util/apache-tomcat-9.0.33-windows-x64/apache-tomcat-9.0.33/conf/logging.properties
10-Apr-2020 10:31:35.611 정보 [main] org.apache.catalina.startup.VersionLoggerListener.log 명령 행 아규먼트: -Djava.util.logging.manager=org.apache.juli.ClassLoaderLogManager
10-Apr-2020 10:31:35.611 정보 [main] org.apache.catalina.startup.VersionLoggerListener.log 명령 행 아규먼트: -Djdk.tls.ephemeralDHKeySize=2048
10-Apr-2020 10:31:35.612 정보 [main] org.apache.catalina.startup.VersionLoggerListener.log 명령 행 아규먼트: -Djava.protocol.handler.pkgs=org.apache.catalina.webresources
10-Apr-2020 10:31:35.612 정보 [main] org.apache.catalina.startup.VersionLoggerListener.log 명령 행 아규먼트: -Dorg.apache.catalina.security.SecurityListener.UMASK=0027
10-Apr-2020 10:31:35.612 정보 [main] org.apache.catalina.startup.VersionLoggerListener.log 명령 행 아규먼트: -Dignore.endorsed.dirs=
10-Apr-2020 10:31:35.612 정보 [main] org.apache.catalina.startup.VersionLoggerListener.log 명령 행 아규먼트: -Dcatalina.base=C:/Users/chris/Desktop/강의자료/Servlet_JSP/util/apache-tomcat-9.0.33-windows-x64/apache-tomcat-9.0.33
10-Apr-2020 10:31:35.612 정보 [main] org.apache.catalina.startup.VersionLoggerListener.log 명령 행 아규먼트: -Dcatalina.home=C:/Users/chris/Desktop/강의자료/Servlet_JSP/util/apache-tomcat-9.0.33-windows-x64/apache-tomcat-9.0.33
10-Apr-2020 10:31:35.612 정보 [main] org.apache.catalina.startup.VersionLoggerListener.log 명령 행 아규먼트: -Djava.io.tmpdir=C:/Users/chris/Desktop/강의자료/Servlet_JSP/util/apache-tomcat-9.0.33-windows-x64/apache-tomcat-9.0.33/temp
10-Apr-2020 10:31:35.612 정보 [main] org.apache.catalina.core.AprLifecycleListener.lifecycleEvent APR 버전 [1.7.0]을(를) 사용한, APR 기반 Apache Tomcat Native 라이브러리 [1.2.23]을(를) 로드했습니다.
10-Apr-2020 10:31:35.612 정보 [main] org.apache.catalina.core.AprLifecycleListener.lifecycleEvent APR 용량정보들: IPv6 [true], sendfile [true], accept filters [false], random [true].
10-Apr-2020 10:31:35.612 정보 [main] org.apache.catalina.core.AprLifecycleListener.lifecycleEvent APR/OpenSSL 설정: useAprConnector [false], useOpenSSL [true]
10-Apr-2020 10:31:35.617 정보 [main] org.apache.catalina.core.AprLifecycleListener.initializeSSL OpenSSL이 성공적으로 초기화되었습니다: [OpenSSL 1.1.1c  28 May 2019]
10-Apr-2020 10:31:36.126 정보 [main] org.apache.coyote.AbstractProtocol.init 프로토콜 핸들러 ["http-nio-8080"]을(를) 초기화합니다.
10-Apr-2020 10:31:36.237 정보 [main] org.apache.catalina.startup.Catalina.load [817] 밀리초 내에 서버가 초기화되었습니다.
10-Apr-2020 10:31:36.273 정보 [main] org.apache.catalina.core.StandardService.startInternal 서비스 [Catalina]을(를) 시작합니다.
10-Apr-2020 10:31:36.273 정보 [main] org.apache.catalina.core.StandardEngine.startInternal 서버 엔진을 시작합니다: [Apache Tomcat/9.0.33]
10-Apr-2020 10:31:36.292 정보 [main] org.apache.catalina.startup.HostConfig.deployWAR 웹 애플리케이션 아카이브 [C:\Users\chris\Desktop\강의자료\Servlet_JSP\util\apache-tomcat-9.0.33-windows-x64\apache-tomcat-9.0.33\webapps\_04_StartServlet.war]을(를) 배치합니다.
10-Apr-2020 10:31:36.504 정보 [main] org.apache.catalina.startup.HostConfig.deployWAR 웹 애플리케이션 아카이브 [C:\Users\chris\Desktop\강의자료\Servlet_JSP\util\apache-tomcat-9.0.33-windows-x64\apache-tomcat-9.0.33\webapps\_04_StartServlet.war]의 배치가 [212] 밀리초에 완료되었습니다.
10-Apr-2020 10:31:36.504 정보 [main] org.apache.catalina.startup.HostConfig.deployDirectory 웹 애플리케이션 디렉토리 [C:\Users\chris\Desktop\강의자료\Servlet_JSP\util\apache-tomcat-9.0.33-windows-x64\apache-tomcat-9.0.33\webapps\docs]을(를) 배치합니다.
10-Apr-2020 10:31:36.527 정보 [main] org.apache.catalina.startup.HostConfig.deployDirectory 웹 애플리케이션 디렉토리 [C:\Users\chris\Desktop\강의자료\Servlet_JSP\util\apache-tomcat-9.0.33-windows-x64\apache-tomcat-9.0.33\webapps\docs]에 대한 배치가 [23] 밀리초에 완료되었습니다.
10-Apr-2020 10:31:36.527 정보 [main] org.apache.catalina.startup.HostConfig.deployDirectory 웹 애플리케이션 디렉토리 [C:\Users\chris\Desktop\강의자료\Servlet_JSP\util\apache-tomcat-9.0.33-windows-x64\apache-tomcat-9.0.33\webapps\examples]을(를) 배치합니다.
10-Apr-2020 10:31:36.865 정보 [main] org.apache.catalina.startup.HostConfig.deployDirectory 웹 애플리케이션 디렉토리 [C:\Users\chris\Desktop\강의자료\Servlet_JSP\util\apache-tomcat-9.0.33-windows-x64\apache-tomcat-9.0.33\webapps\examples]에 대한 배치가 [338] 밀리초에 완료되었습니다.
10-Apr-2020 10:31:36.865 정보 [main] org.apache.catalina.startup.HostConfig.deployDirectory 웹 애플리케이션 디렉토리 [C:\Users\chris\Desktop\강의자료\Servlet_JSP\util\apache-tomcat-9.0.33-windows-x64\apache-tomcat-9.0.33\webapps\host-manager]을(를) 배치합니다.
10-Apr-2020 10:31:36.896 정보 [main] org.apache.catalina.startup.HostConfig.deployDirectory 웹 애플리케이션 디렉토리 [C:\Users\chris\Desktop\강의자료\Servlet_JSP\util\apache-tomcat-9.0.33-windows-x64\apache-tomcat-9.0.33\webapps\host-manager]에 대한 배치가 [31] 밀리초에 완료되었습니다.
10-Apr-2020 10:31:36.896 정보 [main] org.apache.catalina.startup.HostConfig.deployDirectory 웹 애플리케이션 디렉토리 [C:\Users\chris\Desktop\강의자료\Servlet_JSP\util\apache-tomcat-9.0.33-windows-x64\apache-tomcat-9.0.33\webapps\manager]을(를) 배치합니다.
10-Apr-2020 10:31:36.927 정보 [main] org.apache.catalina.startup.HostConfig.deployDirectory 웹 애플리케이션 디렉토리 [C:\Users\chris\Desktop\강의자료\Servlet_JSP\util\apache-tomcat-9.0.33-windows-x64\apache-tomcat-9.0.33\webapps\manager]에 대한 배치가 [31] 밀리초에 완료되었습니다.
10-Apr-2020 10:31:36.927 정보 [main] org.apache.catalina.startup.HostConfig.deployDirectory 웹 애플리케이션 디렉토리 [C:\Users\chris\Desktop\강의자료\Servlet_JSP\util\apache-tomcat-9.0.33-windows-x64\apache-tomcat-9.0.33\webapps\ROOT]을(를) 배치합니다.
10-Apr-2020 10:31:36.948 정보 [main] org.apache.catalina.startup.HostConfig.deployDirectory 웹 애플리케이션 디렉토리 [C:\Users\chris\Desktop\강의자료\Servlet_JSP\util\apache-tomcat-9.0.33-windows-x64\apache-tomcat-9.0.33\webapps\ROOT]에 대한 배치가 [21] 밀리초에 완료되었습니다.
10-Apr-2020 10:31:36.952 정보 [main] org.apache.coyote.AbstractProtocol.start 프로토콜 핸들러 ["http-nio-8080"]을(를) 시작합니다.
10-Apr-2020 10:31:36.960 정보 [main] org.apache.catalina.startup.Catalina.start 서버가 [722] 밀리초 내에 시작되었습니다.
10-Apr-2020 10:32:16.121 정보 [main] org.apache.catalina.startup.VersionLoggerListener.log 서버 버전 이름:        Apache Tomcat/9.0.33
10-Apr-2020 10:32:16.127 정보 [main] org.apache.catalina.startup.VersionLoggerListener.log Server 빌드 시각:          Mar 11 2020 09:31:38 UTC
10-Apr-2020 10:32:16.127 정보 [main] org.apache.catalina.startup.VersionLoggerListener.log Server 버전 번호:         9.0.33.0
10-Apr-2020 10:32:16.128 정보 [main] org.apache.catalina.startup.VersionLoggerListener.log 운영체제 이름:               Windows 10
10-Apr-2020 10:32:16.128 정보 [main] org.apache.catalina.startup.VersionLoggerListener.log 운영체제 버전:            10.0
10-Apr-2020 10:32:16.128 정보 [main] org.apache.catalina.startup.VersionLoggerListener.log 아키텍처:          amd64
10-Apr-2020 10:32:16.128 정보 [main] org.apache.catalina.startup.VersionLoggerListener.log 자바 홈:             C:\Program Files\Java\jdk1.8.0_231\jre
10-Apr-2020 10:32:16.128 정보 [main] org.apache.catalina.startup.VersionLoggerListener.log JVM 버전:           1.8.0_231-b11
10-Apr-2020 10:32:16.128 정보 [main] org.apache.catalina.startup.VersionLoggerListener.log JVM 벤더:            Oracle Corporation
10-Apr-2020 10:32:16.128 정보 [main] org.apache.catalina.startup.VersionLoggerListener.log CATALINA_BASE:         C:\Users\chris\Desktop\강의자료\Servlet_JSP\util\apache-tomcat-9.0.33-windows-x64\apache-tomcat-9.0.33
10-Apr-2020 10:32:16.128 정보 [main] org.apache.catalina.startup.VersionLoggerListener.log CATALINA_HOME:         C:\Users\chris\Desktop\강의자료\Servlet_JSP\util\apache-tomcat-9.0.33-windows-x64\apache-tomcat-9.0.33
10-Apr-2020 10:32:16.129 정보 [main] org.apache.catalina.startup.VersionLoggerListener.log 명령 행 아규먼트: -Djava.util.logging.config.file=C:\Users\chris\Desktop\강의자료\Servlet_JSP\util\apache-tomcat-9.0.33-windows-x64\apache-tomcat-9.0.33\conf\logging.properties
10-Apr-2020 10:32:16.130 정보 [main] org.apache.catalina.startup.VersionLoggerListener.log 명령 행 아규먼트: -Djava.util.logging.manager=org.apache.juli.ClassLoaderLogManager
10-Apr-2020 10:32:16.131 정보 [main] org.apache.catalina.startup.VersionLoggerListener.log 명령 행 아규먼트: -Djdk.tls.ephemeralDHKeySize=2048
10-Apr-2020 10:32:16.131 정보 [main] org.apache.catalina.startup.VersionLoggerListener.log 명령 행 아규먼트: -Djava.protocol.handler.pkgs=org.apache.catalina.webresources
10-Apr-2020 10:32:16.132 정보 [main] org.apache.catalina.startup.VersionLoggerListener.log 명령 행 아규먼트: -Dignore.endorsed.dirs=
10-Apr-2020 10:32:16.133 정보 [main] org.apache.catalina.startup.VersionLoggerListener.log 명령 행 아규먼트: -Dcatalina.base=C:\Users\chris\Desktop\강의자료\Servlet_JSP\util\apache-tomcat-9.0.33-windows-x64\apache-tomcat-9.0.33
10-Apr-2020 10:32:16.134 정보 [main] org.apache.catalina.startup.VersionLoggerListener.log 명령 행 아규먼트: -Dcatalina.home=C:\Users\chris\Desktop\강의자료\Servlet_JSP\util\apache-tomcat-9.0.33-windows-x64\apache-tomcat-9.0.33
10-Apr-2020 10:32:16.135 정보 [main] org.apache.catalina.startup.VersionLoggerListener.log 명령 행 아규먼트: -Djava.io.tmpdir=C:\Users\chris\Desktop\강의자료\Servlet_JSP\util\apache-tomcat-9.0.33-windows-x64\apache-tomcat-9.0.33\temp
10-Apr-2020 10:32:16.135 정보 [main] org.apache.catalina.core.AprLifecycleListener.lifecycleEvent APR 버전 [1.7.0]을(를) 사용한, APR 기반 Apache Tomcat Native 라이브러리 [1.2.23]을(를) 로드했습니다.
10-Apr-2020 10:32:16.140 정보 [main] org.apache.catalina.core.AprLifecycleListener.lifecycleEvent APR 용량정보들: IPv6 [true], sendfile [true], accept filters [false], random [true].
10-Apr-2020 10:32:16.141 정보 [main] org.apache.catalina.core.AprLifecycleListener.lifecycleEvent APR/OpenSSL 설정: useAprConnector [false], useOpenSSL [true]
10-Apr-2020 10:32:16.145 정보 [main] org.apache.catalina.core.AprLifecycleListener.initializeSSL OpenSSL이 성공적으로 초기화되었습니다: [OpenSSL 1.1.1c  28 May 2019]
10-Apr-2020 10:32:16.328 정보 [main] org.apache.coyote.AbstractProtocol.init 프로토콜 핸들러 ["http-nio-8080"]을(를) 초기화합니다.
10-Apr-2020 10:32:16.419 심각 [main] org.apache.catalina.util.LifecycleBase.handleSubClassException 구성요소 [Connector[HTTP/1.1-8080]]을(를) 초기화하지 못했습니다.
	org.apache.catalina.LifecycleException: 프로토콜 핸들러 초기화가 실패했습니다.
		at org.apache.catalina.connector.Connector.initInternal(Connector.java:1013)
		at org.apache.catalina.util.LifecycleBase.init(LifecycleBase.java:136)
		at org.apache.catalina.core.StandardService.initInternal(StandardService.java:533)
		at org.apache.catalina.util.LifecycleBase.init(LifecycleBase.java:136)
		at org.apache.catalina.core.StandardServer.initInternal(StandardServer.java:1057)
		at org.apache.catalina.util.LifecycleBase.init(LifecycleBase.java:136)
		at org.apache.catalina.startup.Catalina.load(Catalina.java:584)
		at org.apache.catalina.startup.Catalina.load(Catalina.java:607)
		at sun.reflect.NativeMethodAccessorImpl.invoke0(Native Method)
		at sun.reflect.NativeMethodAccessorImpl.invoke(NativeMethodAccessorImpl.java:62)
		at sun.reflect.DelegatingMethodAccessorImpl.invoke(DelegatingMethodAccessorImpl.java:43)
		at java.lang.reflect.Method.invoke(Method.java:498)
		at org.apache.catalina.startup.Bootstrap.load(Bootstrap.java:303)
		at org.apache.catalina.startup.Bootstrap.main(Bootstrap.java:473)
	Caused by: java.net.BindException: Address already in use: bind
		at sun.nio.ch.Net.bind0(Native Method)
		at sun.nio.ch.Net.bind(Net.java:433)
		at sun.nio.ch.Net.bind(Net.java:425)
		at sun.nio.ch.ServerSocketChannelImpl.bind(ServerSocketChannelImpl.java:223)
		at sun.nio.ch.ServerSocketAdaptor.bind(ServerSocketAdaptor.java:74)
		at org.apache.tomcat.util.net.NioEndpoint.initServerSocket(NioEndpoint.java:229)
		at org.apache.tomcat.util.net.NioEndpoint.bind(NioEndpoint.java:212)
		at org.apache.tomcat.util.net.AbstractEndpoint.bindWithCleanup(AbstractEndpoint.java:1141)
		at org.apache.tomcat.util.net.AbstractEndpoint.init(AbstractEndpoint.java:1154)
		at org.apache.coyote.AbstractProtocol.init(AbstractProtocol.java:581)
		at org.apache.coyote.http11.AbstractHttp11Protocol.init(AbstractHttp11Protocol.java:74)
		at org.apache.catalina.connector.Connector.initInternal(Connector.java:1010)
		... 13 more
10-Apr-2020 10:32:16.427 정보 [main] org.apache.catalina.startup.Catalina.load [441] 밀리초 내에 서버가 초기화되었습니다.
10-Apr-2020 10:32:16.445 정보 [main] org.apache.catalina.core.StandardService.startInternal 서비스 [Catalina]을(를) 시작합니다.
10-Apr-2020 10:32:16.452 정보 [main] org.apache.catalina.core.StandardEngine.startInternal 서버 엔진을 시작합니다: [Apache Tomcat/9.0.33]
10-Apr-2020 10:32:16.465 정보 [main] org.apache.catalina.startup.HostConfig.deployWAR 웹 애플리케이션 아카이브 [C:\Users\chris\Desktop\강의자료\Servlet_JSP\util\apache-tomcat-9.0.33-windows-x64\apache-tomcat-9.0.33\webapps\_04_StartServlet.war]을(를) 배치합니다.
10-Apr-2020 10:32:16.648 정보 [main] org.apache.catalina.startup.HostConfig.deployWAR 웹 애플리케이션 아카이브 [C:\Users\chris\Desktop\강의자료\Servlet_JSP\util\apache-tomcat-9.0.33-windows-x64\apache-tomcat-9.0.33\webapps\_04_StartServlet.war]의 배치가 [183] 밀리초에 완료되었습니다.
10-Apr-2020 10:32:16.653 정보 [main] org.apache.catalina.startup.HostConfig.deployDirectory 웹 애플리케이션 디렉토리 [C:\Users\chris\Desktop\강의자료\Servlet_JSP\util\apache-tomcat-9.0.33-windows-x64\apache-tomcat-9.0.33\webapps\docs]을(를) 배치합니다.
10-Apr-2020 10:32:16.671 정보 [main] org.apache.catalina.startup.HostConfig.deployDirectory 웹 애플리케이션 디렉토리 [C:\Users\chris\Desktop\강의자료\Servlet_JSP\util\apache-tomcat-9.0.33-windows-x64\apache-tomcat-9.0.33\webapps\docs]에 대한 배치가 [18] 밀리초에 완료되었습니다.
10-Apr-2020 10:32:16.675 정보 [main] org.apache.catalina.startup.HostConfig.deployDirectory 웹 애플리케이션 디렉토리 [C:\Users\chris\Desktop\강의자료\Servlet_JSP\util\apache-tomcat-9.0.33-windows-x64\apache-tomcat-9.0.33\webapps\examples]을(를) 배치합니다.
10-Apr-2020 10:32:16.930 정보 [main] org.apache.catalina.startup.HostConfig.deployDirectory 웹 애플리케이션 디렉토리 [C:\Users\chris\Desktop\강의자료\Servlet_JSP\util\apache-tomcat-9.0.33-windows-x64\apache-tomcat-9.0.33\webapps\examples]에 대한 배치가 [255] 밀리초에 완료되었습니다.
10-Apr-2020 10:32:16.934 정보 [main] org.apache.catalina.startup.HostConfig.deployDirectory 웹 애플리케이션 디렉토리 [C:\Users\chris\Desktop\강의자료\Servlet_JSP\util\apache-tomcat-9.0.33-windows-x64\apache-tomcat-9.0.33\webapps\host-manager]을(를) 배치합니다.
10-Apr-2020 10:32:16.958 정보 [main] org.apache.catalina.startup.HostConfig.deployDirectory 웹 애플리케이션 디렉토리 [C:\Users\chris\Desktop\강의자료\Servlet_JSP\util\apache-tomcat-9.0.33-windows-x64\apache-tomcat-9.0.33\webapps\host-manager]에 대한 배치가 [24] 밀리초에 완료되었습니다.
10-Apr-2020 10:32:16.962 정보 [main] org.apache.catalina.startup.HostConfig.deployDirectory 웹 애플리케이션 디렉토리 [C:\Users\chris\Desktop\강의자료\Servlet_JSP\util\apache-tomcat-9.0.33-windows-x64\apache-tomcat-9.0.33\webapps\manager]을(를) 배치합니다.
10-Apr-2020 10:32:16.983 정보 [main] org.apache.catalina.startup.HostConfig.deployDirectory 웹 애플리케이션 디렉토리 [C:\Users\chris\Desktop\강의자료\Servlet_JSP\util\apache-tomcat-9.0.33-windows-x64\apache-tomcat-9.0.33\webapps\manager]에 대한 배치가 [21] 밀리초에 완료되었습니다.
10-Apr-2020 10:32:16.988 정보 [main] org.apache.catalina.startup.HostConfig.deployDirectory 웹 애플리케이션 디렉토리 [C:\Users\chris\Desktop\강의자료\Servlet_JSP\util\apache-tomcat-9.0.33-windows-x64\apache-tomcat-9.0.33\webapps\ROOT]을(를) 배치합니다.
10-Apr-2020 10:32:17.007 정보 [main] org.apache.catalina.startup.HostConfig.deployDirectory 웹 애플리케이션 디렉토리 [C:\Users\chris\Desktop\강의자료\Servlet_JSP\util\apache-tomcat-9.0.33-windows-x64\apache-tomcat-9.0.33\webapps\ROOT]에 대한 배치가 [19] 밀리초에 완료되었습니다.
10-Apr-2020 10:32:17.013 정보 [main] org.apache.catalina.startup.Catalina.start 서버가 [585] 밀리초 내에 시작되었습니다.
10-Apr-2020 10:32:17.017 심각 [main] org.apache.catalina.core.StandardServer.await 주소 [localhost]와(과) 포트 [8005]에, 서버 셧다운 소켓을 생성하지 못했습니다. (base 포트 [8005], offset [0])
	java.net.BindException: Address already in use: JVM_Bind
		at java.net.DualStackPlainSocketImpl.bind0(Native Method)
		at java.net.DualStackPlainSocketImpl.socketBind(DualStackPlainSocketImpl.java:106)
		at java.net.AbstractPlainSocketImpl.bind(AbstractPlainSocketImpl.java:387)
		at java.net.PlainSocketImpl.bind(PlainSocketImpl.java:190)
		at java.net.ServerSocket.bind(ServerSocket.java:375)
		at java.net.ServerSocket.<init>(ServerSocket.java:237)
		at org.apache.catalina.core.StandardServer.await(StandardServer.java:584)
		at org.apache.catalina.startup.Catalina.await(Catalina.java:721)
		at org.apache.catalina.startup.Catalina.start(Catalina.java:667)
		at sun.reflect.NativeMethodAccessorImpl.invoke0(Native Method)
		at sun.reflect.NativeMethodAccessorImpl.invoke(NativeMethodAccessorImpl.java:62)
		at sun.reflect.DelegatingMethodAccessorImpl.invoke(DelegatingMethodAccessorImpl.java:43)
		at java.lang.reflect.Method.invoke(Method.java:498)
		at org.apache.catalina.startup.Bootstrap.start(Bootstrap.java:343)
		at org.apache.catalina.startup.Bootstrap.main(Bootstrap.java:474)
10-Apr-2020 10:32:17.019 정보 [main] org.apache.coyote.AbstractProtocol.pause 프로토콜 핸들러 ["http-nio-8080"]을(를) 일시 정지 중
10-Apr-2020 10:32:17.022 정보 [main] org.apache.catalina.core.StandardService.stopInternal 서비스 [Catalina]을(를) 중지시킵니다.
10-Apr-2020 10:32:17.040 정보 [main] org.apache.coyote.AbstractProtocol.stop 프로토콜 핸들러 ["http-nio-8080"]을(를) 중지시킵니다.
10-Apr-2020 10:32:17.041 정보 [main] org.apache.coyote.AbstractProtocol.destroy 프로토콜 핸들러 ["http-nio-8080"]을(를) 소멸시킵니다.
10-Apr-2020 10:33:23.872 정보 [main] org.apache.catalina.core.StandardServer.await 셧다운 포트를 통해 유효한 셧다운 명령을 받았습니다. 서버 인스턴스를 중지시킵니다.
10-Apr-2020 10:33:23.873 정보 [main] org.apache.coyote.AbstractProtocol.pause 프로토콜 핸들러 ["http-nio-8080"]을(를) 일시 정지 중
10-Apr-2020 10:33:23.942 정보 [main] org.apache.catalina.core.StandardService.stopInternal 서비스 [Catalina]을(를) 중지시킵니다.
10-Apr-2020 10:33:23.954 정보 [main] org.apache.coyote.AbstractProtocol.stop 프로토콜 핸들러 ["http-nio-8080"]을(를) 중지시킵니다.
10-Apr-2020 10:33:23.955 정보 [main] org.apache.coyote.AbstractProtocol.destroy 프로토콜 핸들러 ["http-nio-8080"]을(를) 소멸시킵니다.
10-Apr-2020 10:33:45.088 심각 [main] org.apache.catalina.startup.Catalina.stopServer [localhost:8005] (base 포트 [8005] 그리고 offset [0])와(과) 연결할 수 없었습니다. Tomcat이 실행 중이지 않을 수 있습니다.
10-Apr-2020 10:33:45.100 심각 [main] org.apache.catalina.startup.Catalina.stopServer Catalina를 중지시키는 중 오류 발생
	java.net.ConnectException: Connection refused: connect
		at java.net.DualStackPlainSocketImpl.connect0(Native Method)
		at java.net.DualStackPlainSocketImpl.socketConnect(DualStackPlainSocketImpl.java:79)
		at java.net.AbstractPlainSocketImpl.doConnect(AbstractPlainSocketImpl.java:350)
		at java.net.AbstractPlainSocketImpl.connectToAddress(AbstractPlainSocketImpl.java:206)
		at java.net.AbstractPlainSocketImpl.connect(AbstractPlainSocketImpl.java:188)
		at java.net.PlainSocketImpl.connect(PlainSocketImpl.java:172)
		at java.net.SocksSocketImpl.connect(SocksSocketImpl.java:392)
		at java.net.Socket.connect(Socket.java:606)
		at java.net.Socket.connect(Socket.java:555)
		at java.net.Socket.<init>(Socket.java:451)
		at java.net.Socket.<init>(Socket.java:228)
		at org.apache.catalina.startup.Catalina.stopServer(Catalina.java:513)
		at sun.reflect.NativeMethodAccessorImpl.invoke0(Native Method)
		at sun.reflect.NativeMethodAccessorImpl.invoke(NativeMethodAccessorImpl.java:62)
		at sun.reflect.DelegatingMethodAccessorImpl.invoke(DelegatingMethodAccessorImpl.java:43)
		at java.lang.reflect.Method.invoke(Method.java:498)
		at org.apache.catalina.startup.Bootstrap.stopServer(Bootstrap.java:389)
		at org.apache.catalina.startup.Bootstrap.main(Bootstrap.java:479)
10-Apr-2020 10:33:59.915 정보 [main] org.apache.catalina.startup.VersionLoggerListener.log 서버 버전 이름:        Apache Tomcat/9.0.33
10-Apr-2020 10:33:59.917 정보 [main] org.apache.catalina.startup.VersionLoggerListener.log Server 빌드 시각:          Mar 11 2020 09:31:38 UTC
10-Apr-2020 10:33:59.917 정보 [main] org.apache.catalina.startup.VersionLoggerListener.log Server 버전 번호:         9.0.33.0
10-Apr-2020 10:33:59.917 정보 [main] org.apache.catalina.startup.VersionLoggerListener.log 운영체제 이름:               Windows 10
10-Apr-2020 10:33:59.917 정보 [main] org.apache.catalina.startup.VersionLoggerListener.log 운영체제 버전:            10.0
10-Apr-2020 10:33:59.917 정보 [main] org.apache.catalina.startup.VersionLoggerListener.log 아키텍처:          amd64
10-Apr-2020 10:33:59.917 정보 [main] org.apache.catalina.startup.VersionLoggerListener.log 자바 홈:             C:\Program Files\Java\jdk1.8.0_231\jre
10-Apr-2020 10:33:59.918 정보 [main] org.apache.catalina.startup.VersionLoggerListener.log JVM 버전:           1.8.0_231-b11
10-Apr-2020 10:33:59.918 정보 [main] org.apache.catalina.startup.VersionLoggerListener.log JVM 벤더:            Oracle Corporation
10-Apr-2020 10:33:59.918 정보 [main] org.apache.catalina.startup.VersionLoggerListener.log CATALINA_BASE:         C:\Users\chris\Desktop\강의자료\Servlet_JSP\util\apache-tomcat-9.0.33-windows-x64\apache-tomcat-9.0.33
10-Apr-2020 10:33:59.918 정보 [main] org.apache.catalina.startup.VersionLoggerListener.log CATALINA_HOME:         C:\Users\chris\Desktop\강의자료\Servlet_JSP\util\apache-tomcat-9.0.33-windows-x64\apache-tomcat-9.0.33
10-Apr-2020 10:33:59.920 정보 [main] org.apache.catalina.startup.VersionLoggerListener.log 명령 행 아규먼트: -Djava.util.logging.config.file=C:/Users/chris/Desktop/강의자료/Servlet_JSP/util/apache-tomcat-9.0.33-windows-x64/apache-tomcat-9.0.33/conf/logging.properties
10-Apr-2020 10:33:59.920 정보 [main] org.apache.catalina.startup.VersionLoggerListener.log 명령 행 아규먼트: -Djava.util.logging.manager=org.apache.juli.ClassLoaderLogManager
10-Apr-2020 10:33:59.920 정보 [main] org.apache.catalina.startup.VersionLoggerListener.log 명령 행 아규먼트: -Djdk.tls.ephemeralDHKeySize=2048
10-Apr-2020 10:33:59.920 정보 [main] org.apache.catalina.startup.VersionLoggerListener.log 명령 행 아규먼트: -Djava.protocol.handler.pkgs=org.apache.catalina.webresources
10-Apr-2020 10:33:59.920 정보 [main] org.apache.catalina.startup.VersionLoggerListener.log 명령 행 아규먼트: -Dorg.apache.catalina.security.SecurityListener.UMASK=0027
10-Apr-2020 10:33:59.920 정보 [main] org.apache.catalina.startup.VersionLoggerListener.log 명령 행 아규먼트: -Dignore.endorsed.dirs=
10-Apr-2020 10:33:59.920 정보 [main] org.apache.catalina.startup.VersionLoggerListener.log 명령 행 아규먼트: -Dcatalina.base=C:/Users/chris/Desktop/강의자료/Servlet_JSP/util/apache-tomcat-9.0.33-windows-x64/apache-tomcat-9.0.33
10-Apr-2020 10:33:59.920 정보 [main] org.apache.catalina.startup.VersionLoggerListener.log 명령 행 아규먼트: -Dcatalina.home=C:/Users/chris/Desktop/강의자료/Servlet_JSP/util/apache-tomcat-9.0.33-windows-x64/apache-tomcat-9.0.33
10-Apr-2020 10:33:59.920 정보 [main] org.apache.catalina.startup.VersionLoggerListener.log 명령 행 아규먼트: -Djava.io.tmpdir=C:/Users/chris/Desktop/강의자료/Servlet_JSP/util/apache-tomcat-9.0.33-windows-x64/apache-tomcat-9.0.33/temp
10-Apr-2020 10:33:59.921 정보 [main] org.apache.catalina.core.AprLifecycleListener.lifecycleEvent APR 버전 [1.7.0]을(를) 사용한, APR 기반 Apache Tomcat Native 라이브러리 [1.2.23]을(를) 로드했습니다.
10-Apr-2020 10:33:59.921 정보 [main] org.apache.catalina.core.AprLifecycleListener.lifecycleEvent APR 용량정보들: IPv6 [true], sendfile [true], accept filters [false], random [true].
10-Apr-2020 10:33:59.921 정보 [main] org.apache.catalina.core.AprLifecycleListener.lifecycleEvent APR/OpenSSL 설정: useAprConnector [false], useOpenSSL [true]
10-Apr-2020 10:33:59.924 정보 [main] org.apache.catalina.core.AprLifecycleListener.initializeSSL OpenSSL이 성공적으로 초기화되었습니다: [OpenSSL 1.1.1c  28 May 2019]
10-Apr-2020 10:34:00.132 정보 [main] org.apache.coyote.AbstractProtocol.init 프로토콜 핸들러 ["http-nio-8080"]을(를) 초기화합니다.
10-Apr-2020 10:34:00.235 정보 [main] org.apache.catalina.startup.Catalina.load [479] 밀리초 내에 서버가 초기화되었습니다.
10-Apr-2020 10:34:00.256 정보 [main] org.apache.catalina.core.StandardService.startInternal 서비스 [Catalina]을(를) 시작합니다.
10-Apr-2020 10:34:00.256 정보 [main] org.apache.catalina.core.StandardEngine.startInternal 서버 엔진을 시작합니다: [Apache Tomcat/9.0.33]
10-Apr-2020 10:34:00.268 정보 [main] org.apache.catalina.startup.HostConfig.deployWAR 웹 애플리케이션 아카이브 [C:\Users\chris\Desktop\강의자료\Servlet_JSP\util\apache-tomcat-9.0.33-windows-x64\apache-tomcat-9.0.33\webapps\_04_StartServlet.war]을(를) 배치합니다.
10-Apr-2020 10:34:00.450 정보 [main] org.apache.catalina.startup.HostConfig.deployWAR 웹 애플리케이션 아카이브 [C:\Users\chris\Desktop\강의자료\Servlet_JSP\util\apache-tomcat-9.0.33-windows-x64\apache-tomcat-9.0.33\webapps\_04_StartServlet.war]의 배치가 [181] 밀리초에 완료되었습니다.
10-Apr-2020 10:34:00.450 정보 [main] org.apache.catalina.startup.HostConfig.deployDirectory 웹 애플리케이션 디렉토리 [C:\Users\chris\Desktop\강의자료\Servlet_JSP\util\apache-tomcat-9.0.33-windows-x64\apache-tomcat-9.0.33\webapps\docs]을(를) 배치합니다.
10-Apr-2020 10:34:00.473 정보 [main] org.apache.catalina.startup.HostConfig.deployDirectory 웹 애플리케이션 디렉토리 [C:\Users\chris\Desktop\강의자료\Servlet_JSP\util\apache-tomcat-9.0.33-windows-x64\apache-tomcat-9.0.33\webapps\docs]에 대한 배치가 [22] 밀리초에 완료되었습니다.
10-Apr-2020 10:34:00.473 정보 [main] org.apache.catalina.startup.HostConfig.deployDirectory 웹 애플리케이션 디렉토리 [C:\Users\chris\Desktop\강의자료\Servlet_JSP\util\apache-tomcat-9.0.33-windows-x64\apache-tomcat-9.0.33\webapps\examples]을(를) 배치합니다.
10-Apr-2020 10:34:00.779 정보 [main] org.apache.catalina.startup.HostConfig.deployDirectory 웹 애플리케이션 디렉토리 [C:\Users\chris\Desktop\강의자료\Servlet_JSP\util\apache-tomcat-9.0.33-windows-x64\apache-tomcat-9.0.33\webapps\examples]에 대한 배치가 [306] 밀리초에 완료되었습니다.
10-Apr-2020 10:34:00.779 정보 [main] org.apache.catalina.startup.HostConfig.deployDirectory 웹 애플리케이션 디렉토리 [C:\Users\chris\Desktop\강의자료\Servlet_JSP\util\apache-tomcat-9.0.33-windows-x64\apache-tomcat-9.0.33\webapps\host-manager]을(를) 배치합니다.
10-Apr-2020 10:34:00.802 정보 [main] org.apache.catalina.startup.HostConfig.deployDirectory 웹 애플리케이션 디렉토리 [C:\Users\chris\Desktop\강의자료\Servlet_JSP\util\apache-tomcat-9.0.33-windows-x64\apache-tomcat-9.0.33\webapps\host-manager]에 대한 배치가 [23] 밀리초에 완료되었습니다.
10-Apr-2020 10:34:00.802 정보 [main] org.apache.catalina.startup.HostConfig.deployDirectory 웹 애플리케이션 디렉토리 [C:\Users\chris\Desktop\강의자료\Servlet_JSP\util\apache-tomcat-9.0.33-windows-x64\apache-tomcat-9.0.33\webapps\manager]을(를) 배치합니다.
10-Apr-2020 10:34:00.823 정보 [main] org.apache.catalina.startup.HostConfig.deployDirectory 웹 애플리케이션 디렉토리 [C:\Users\chris\Desktop\강의자료\Servlet_JSP\util\apache-tomcat-9.0.33-windows-x64\apache-tomcat-9.0.33\webapps\manager]에 대한 배치가 [21] 밀리초에 완료되었습니다.
10-Apr-2020 10:34:00.824 정보 [main] org.apache.catalina.startup.HostConfig.deployDirectory 웹 애플리케이션 디렉토리 [C:\Users\chris\Desktop\강의자료\Servlet_JSP\util\apache-tomcat-9.0.33-windows-x64\apache-tomcat-9.0.33\webapps\ROOT]을(를) 배치합니다.
10-Apr-2020 10:34:00.839 정보 [main] org.apache.catalina.startup.HostConfig.deployDirectory 웹 애플리케이션 디렉토리 [C:\Users\chris\Desktop\강의자료\Servlet_JSP\util\apache-tomcat-9.0.33-windows-x64\apache-tomcat-9.0.33\webapps\ROOT]에 대한 배치가 [16] 밀리초에 완료되었습니다.
10-Apr-2020 10:34:00.842 정보 [main] org.apache.coyote.AbstractProtocol.start 프로토콜 핸들러 ["http-nio-8080"]을(를) 시작합니다.
10-Apr-2020 10:34:00.847 정보 [main] org.apache.catalina.startup.Catalina.start 서버가 [612] 밀리초 내에 시작되었습니다.
10-Apr-2020 10:37:00.939 정보 [main] org.apache.catalina.core.StandardServer.await 셧다운 포트를 통해 유효한 셧다운 명령을 받았습니다. 서버 인스턴스를 중지시킵니다.
10-Apr-2020 10:37:00.940 정보 [main] org.apache.coyote.AbstractProtocol.pause 프로토콜 핸들러 ["http-nio-8080"]을(를) 일시 정지 중
10-Apr-2020 10:37:01.018 정보 [main] org.apache.catalina.core.StandardService.stopInternal 서비스 [Catalina]을(를) 중지시킵니다.
10-Apr-2020 10:37:01.036 정보 [main] org.apache.coyote.AbstractProtocol.stop 프로토콜 핸들러 ["http-nio-8080"]을(를) 중지시킵니다.
10-Apr-2020 10:37:01.038 정보 [main] org.apache.coyote.AbstractProtocol.destroy 프로토콜 핸들러 ["http-nio-8080"]을(를) 소멸시킵니다.
10-Apr-2020 10:37:11.512 정보 [main] org.apache.catalina.startup.VersionLoggerListener.log 서버 버전 이름:        Apache Tomcat/9.0.33
10-Apr-2020 10:37:11.514 정보 [main] org.apache.catalina.startup.VersionLoggerListener.log Server 빌드 시각:          Mar 11 2020 09:31:38 UTC
10-Apr-2020 10:37:11.514 정보 [main] org.apache.catalina.startup.VersionLoggerListener.log Server 버전 번호:         9.0.33.0
10-Apr-2020 10:37:11.514 정보 [main] org.apache.catalina.startup.VersionLoggerListener.log 운영체제 이름:               Windows 10
10-Apr-2020 10:37:11.515 정보 [main] org.apache.catalina.startup.VersionLoggerListener.log 운영체제 버전:            10.0
10-Apr-2020 10:37:11.515 정보 [main] org.apache.catalina.startup.VersionLoggerListener.log 아키텍처:          amd64
10-Apr-2020 10:37:11.515 정보 [main] org.apache.catalina.startup.VersionLoggerListener.log 자바 홈:             C:\Program Files\Java\jdk1.8.0_231\jre
10-Apr-2020 10:37:11.515 정보 [main] org.apache.catalina.startup.VersionLoggerListener.log JVM 버전:           1.8.0_231-b11
10-Apr-2020 10:37:11.515 정보 [main] org.apache.catalina.startup.VersionLoggerListener.log JVM 벤더:            Oracle Corporation
10-Apr-2020 10:37:11.515 정보 [main] org.apache.catalina.startup.VersionLoggerListener.log CATALINA_BASE:         C:\Users\chris\Desktop\강의자료\Servlet_JSP\util\apache-tomcat-9.0.33-windows-x64\apache-tomcat-9.0.33
10-Apr-2020 10:37:11.516 정보 [main] org.apache.catalina.startup.VersionLoggerListener.log CATALINA_HOME:         C:\Users\chris\Desktop\강의자료\Servlet_JSP\util\apache-tomcat-9.0.33-windows-x64\apache-tomcat-9.0.33
10-Apr-2020 10:37:11.516 정보 [main] org.apache.catalina.startup.VersionLoggerListener.log 명령 행 아규먼트: -Djava.util.logging.config.file=C:\Users\chris\Desktop\강의자료\Servlet_JSP\util\apache-tomcat-9.0.33-windows-x64\apache-tomcat-9.0.33\conf\logging.properties
10-Apr-2020 10:37:11.517 정보 [main] org.apache.catalina.startup.VersionLoggerListener.log 명령 행 아규먼트: -Djava.util.logging.manager=org.apache.juli.ClassLoaderLogManager
10-Apr-2020 10:37:11.518 정보 [main] org.apache.catalina.startup.VersionLoggerListener.log 명령 행 아규먼트: -Djdk.tls.ephemeralDHKeySize=2048
10-Apr-2020 10:37:11.519 정보 [main] org.apache.catalina.startup.VersionLoggerListener.log 명령 행 아규먼트: -Djava.protocol.handler.pkgs=org.apache.catalina.webresources
10-Apr-2020 10:37:11.519 정보 [main] org.apache.catalina.startup.VersionLoggerListener.log 명령 행 아규먼트: -Dignore.endorsed.dirs=
10-Apr-2020 10:37:11.520 정보 [main] org.apache.catalina.startup.VersionLoggerListener.log 명령 행 아규먼트: -Dcatalina.base=C:\Users\chris\Desktop\강의자료\Servlet_JSP\util\apache-tomcat-9.0.33-windows-x64\apache-tomcat-9.0.33
10-Apr-2020 10:37:11.521 정보 [main] org.apache.catalina.startup.VersionLoggerListener.log 명령 행 아규먼트: -Dcatalina.home=C:\Users\chris\Desktop\강의자료\Servlet_JSP\util\apache-tomcat-9.0.33-windows-x64\apache-tomcat-9.0.33
10-Apr-2020 10:37:11.527 정보 [main] org.apache.catalina.startup.VersionLoggerListener.log 명령 행 아규먼트: -Djava.io.tmpdir=C:\Users\chris\Desktop\강의자료\Servlet_JSP\util\apache-tomcat-9.0.33-windows-x64\apache-tomcat-9.0.33\temp
10-Apr-2020 10:37:11.527 정보 [main] org.apache.catalina.core.AprLifecycleListener.lifecycleEvent APR 버전 [1.7.0]을(를) 사용한, APR 기반 Apache Tomcat Native 라이브러리 [1.2.23]을(를) 로드했습니다.
10-Apr-2020 10:37:11.528 정보 [main] org.apache.catalina.core.AprLifecycleListener.lifecycleEvent APR 용량정보들: IPv6 [true], sendfile [true], accept filters [false], random [true].
10-Apr-2020 10:37:11.529 정보 [main] org.apache.catalina.core.AprLifecycleListener.lifecycleEvent APR/OpenSSL 설정: useAprConnector [false], useOpenSSL [true]
10-Apr-2020 10:37:11.533 정보 [main] org.apache.catalina.core.AprLifecycleListener.initializeSSL OpenSSL이 성공적으로 초기화되었습니다: [OpenSSL 1.1.1c  28 May 2019]
10-Apr-2020 10:37:11.725 정보 [main] org.apache.coyote.AbstractProtocol.init 프로토콜 핸들러 ["http-nio-8080"]을(를) 초기화합니다.
10-Apr-2020 10:37:11.824 정보 [main] org.apache.catalina.startup.Catalina.load [454] 밀리초 내에 서버가 초기화되었습니다.
10-Apr-2020 10:37:11.849 정보 [main] org.apache.catalina.core.StandardService.startInternal 서비스 [Catalina]을(를) 시작합니다.
10-Apr-2020 10:37:11.853 정보 [main] org.apache.catalina.core.StandardEngine.startInternal 서버 엔진을 시작합니다: [Apache Tomcat/9.0.33]
10-Apr-2020 10:37:11.867 정보 [main] org.apache.catalina.startup.HostConfig.deployWAR 웹 애플리케이션 아카이브 [C:\Users\chris\Desktop\강의자료\Servlet_JSP\util\apache-tomcat-9.0.33-windows-x64\apache-tomcat-9.0.33\webapps\_04_StartServlet.war]을(를) 배치합니다.
10-Apr-2020 10:37:12.047 정보 [main] org.apache.catalina.startup.HostConfig.deployWAR 웹 애플리케이션 아카이브 [C:\Users\chris\Desktop\강의자료\Servlet_JSP\util\apache-tomcat-9.0.33-windows-x64\apache-tomcat-9.0.33\webapps\_04_StartServlet.war]의 배치가 [181] 밀리초에 완료되었습니다.
10-Apr-2020 10:37:12.052 정보 [main] org.apache.catalina.startup.HostConfig.deployDirectory 웹 애플리케이션 디렉토리 [C:\Users\chris\Desktop\강의자료\Servlet_JSP\util\apache-tomcat-9.0.33-windows-x64\apache-tomcat-9.0.33\webapps\docs]을(를) 배치합니다.
10-Apr-2020 10:37:12.070 정보 [main] org.apache.catalina.startup.HostConfig.deployDirectory 웹 애플리케이션 디렉토리 [C:\Users\chris\Desktop\강의자료\Servlet_JSP\util\apache-tomcat-9.0.33-windows-x64\apache-tomcat-9.0.33\webapps\docs]에 대한 배치가 [19] 밀리초에 완료되었습니다.
10-Apr-2020 10:37:12.077 정보 [main] org.apache.catalina.startup.HostConfig.deployDirectory 웹 애플리케이션 디렉토리 [C:\Users\chris\Desktop\강의자료\Servlet_JSP\util\apache-tomcat-9.0.33-windows-x64\apache-tomcat-9.0.33\webapps\examples]을(를) 배치합니다.
10-Apr-2020 10:37:12.346 정보 [main] org.apache.catalina.startup.HostConfig.deployDirectory 웹 애플리케이션 디렉토리 [C:\Users\chris\Desktop\강의자료\Servlet_JSP\util\apache-tomcat-9.0.33-windows-x64\apache-tomcat-9.0.33\webapps\examples]에 대한 배치가 [269] 밀리초에 완료되었습니다.
10-Apr-2020 10:37:12.350 정보 [main] org.apache.catalina.startup.HostConfig.deployDirectory 웹 애플리케이션 디렉토리 [C:\Users\chris\Desktop\강의자료\Servlet_JSP\util\apache-tomcat-9.0.33-windows-x64\apache-tomcat-9.0.33\webapps\host-manager]을(를) 배치합니다.
10-Apr-2020 10:37:12.377 정보 [main] org.apache.catalina.startup.HostConfig.deployDirectory 웹 애플리케이션 디렉토리 [C:\Users\chris\Desktop\강의자료\Servlet_JSP\util\apache-tomcat-9.0.33-windows-x64\apache-tomcat-9.0.33\webapps\host-manager]에 대한 배치가 [27] 밀리초에 완료되었습니다.
10-Apr-2020 10:37:12.381 정보 [main] org.apache.catalina.startup.HostConfig.deployDirectory 웹 애플리케이션 디렉토리 [C:\Users\chris\Desktop\강의자료\Servlet_JSP\util\apache-tomcat-9.0.33-windows-x64\apache-tomcat-9.0.33\webapps\manager]을(를) 배치합니다.
10-Apr-2020 10:37:12.405 정보 [main] org.apache.catalina.startup.HostConfig.deployDirectory 웹 애플리케이션 디렉토리 [C:\Users\chris\Desktop\강의자료\Servlet_JSP\util\apache-tomcat-9.0.33-windows-x64\apache-tomcat-9.0.33\webapps\manager]에 대한 배치가 [24] 밀리초에 완료되었습니다.
10-Apr-2020 10:37:12.409 정보 [main] org.apache.catalina.startup.HostConfig.deployDirectory 웹 애플리케이션 디렉토리 [C:\Users\chris\Desktop\강의자료\Servlet_JSP\util\apache-tomcat-9.0.33-windows-x64\apache-tomcat-9.0.33\webapps\ROOT]을(를) 배치합니다.
10-Apr-2020 10:37:12.429 정보 [main] org.apache.catalina.startup.HostConfig.deployDirectory 웹 애플리케이션 디렉토리 [C:\Users\chris\Desktop\강의자료\Servlet_JSP\util\apache-tomcat-9.0.33-windows-x64\apache-tomcat-9.0.33\webapps\ROOT]에 대한 배치가 [20] 밀리초에 완료되었습니다.
10-Apr-2020 10:37:12.435 정보 [main] org.apache.coyote.AbstractProtocol.start 프로토콜 핸들러 ["http-nio-8080"]을(를) 시작합니다.
10-Apr-2020 10:37:12.443 정보 [main] org.apache.catalina.startup.Catalina.start 서버가 [613] 밀리초 내에 시작되었습니다.
10-Apr-2020 11:08:20.976 정보 [main] org.apache.catalina.startup.VersionLoggerListener.log 서버 버전 이름:        Apache Tomcat/9.0.33
10-Apr-2020 11:08:20.992 정보 [main] org.apache.catalina.startup.VersionLoggerListener.log Server 빌드 시각:          Mar 11 2020 09:31:38 UTC
10-Apr-2020 11:08:20.992 정보 [main] org.apache.catalina.startup.VersionLoggerListener.log Server 버전 번호:         9.0.33.0
10-Apr-2020 11:08:20.992 정보 [main] org.apache.catalina.startup.VersionLoggerListener.log 운영체제 이름:               Windows 10
10-Apr-2020 11:08:20.992 정보 [main] org.apache.catalina.startup.VersionLoggerListener.log 운영체제 버전:            10.0
10-Apr-2020 11:08:20.992 정보 [main] org.apache.catalina.startup.VersionLoggerListener.log 아키텍처:          amd64
10-Apr-2020 11:08:20.992 정보 [main] org.apache.catalina.startup.VersionLoggerListener.log 자바 홈:             C:\Program Files\Java\jdk1.8.0_231\jre
10-Apr-2020 11:08:20.992 정보 [main] org.apache.catalina.startup.VersionLoggerListener.log JVM 버전:           1.8.0_231-b11
10-Apr-2020 11:08:20.992 정보 [main] org.apache.catalina.startup.VersionLoggerListener.log JVM 벤더:            Oracle Corporation
10-Apr-2020 11:08:20.993 정보 [main] org.apache.catalina.startup.VersionLoggerListener.log CATALINA_BASE:         C:\Users\chris\Desktop\강의자료\Servlet_JSP\util\apache-tomcat-9.0.33-windows-x64\apache-tomcat-9.0.33
10-Apr-2020 11:08:20.993 정보 [main] org.apache.catalina.startup.VersionLoggerListener.log CATALINA_HOME:         C:\Users\chris\Desktop\강의자료\Servlet_JSP\util\apache-tomcat-9.0.33-windows-x64\apache-tomcat-9.0.33
10-Apr-2020 11:08:20.994 정보 [main] org.apache.catalina.startup.VersionLoggerListener.log 명령 행 아규먼트: -Djava.util.logging.config.file=C:/Users/chris/Desktop/강의자료/Servlet_JSP/util/apache-tomcat-9.0.33-windows-x64/apache-tomcat-9.0.33/conf/logging.properties
10-Apr-2020 11:08:20.994 정보 [main] org.apache.catalina.startup.VersionLoggerListener.log 명령 행 아규먼트: -Djava.util.logging.manager=org.apache.juli.ClassLoaderLogManager
10-Apr-2020 11:08:20.994 정보 [main] org.apache.catalina.startup.VersionLoggerListener.log 명령 행 아규먼트: -Djdk.tls.ephemeralDHKeySize=2048
10-Apr-2020 11:08:20.994 정보 [main] org.apache.catalina.startup.VersionLoggerListener.log 명령 행 아규먼트: -Djava.protocol.handler.pkgs=org.apache.catalina.webresources
10-Apr-2020 11:08:20.994 정보 [main] org.apache.catalina.startup.VersionLoggerListener.log 명령 행 아규먼트: -Dorg.apache.catalina.security.SecurityListener.UMASK=0027
10-Apr-2020 11:08:20.994 정보 [main] org.apache.catalina.startup.VersionLoggerListener.log 명령 행 아규먼트: -Dignore.endorsed.dirs=
10-Apr-2020 11:08:20.994 정보 [main] org.apache.catalina.startup.VersionLoggerListener.log 명령 행 아규먼트: -Dcatalina.base=C:/Users/chris/Desktop/강의자료/Servlet_JSP/util/apache-tomcat-9.0.33-windows-x64/apache-tomcat-9.0.33
10-Apr-2020 11:08:20.994 정보 [main] org.apache.catalina.startup.VersionLoggerListener.log 명령 행 아규먼트: -Dcatalina.home=C:/Users/chris/Desktop/강의자료/Servlet_JSP/util/apache-tomcat-9.0.33-windows-x64/apache-tomcat-9.0.33
10-Apr-2020 11:08:20.994 정보 [main] org.apache.catalina.startup.VersionLoggerListener.log 명령 행 아규먼트: -Djava.io.tmpdir=C:/Users/chris/Desktop/강의자료/Servlet_JSP/util/apache-tomcat-9.0.33-windows-x64/apache-tomcat-9.0.33/temp
10-Apr-2020 11:08:20.994 정보 [main] org.apache.catalina.core.AprLifecycleListener.lifecycleEvent APR 버전 [1.7.0]을(를) 사용한, APR 기반 Apache Tomcat Native 라이브러리 [1.2.23]을(를) 로드했습니다.
10-Apr-2020 11:08:20.994 정보 [main] org.apache.catalina.core.AprLifecycleListener.lifecycleEvent APR 용량정보들: IPv6 [true], sendfile [true], accept filters [false], random [true].
10-Apr-2020 11:08:20.994 정보 [main] org.apache.catalina.core.AprLifecycleListener.lifecycleEvent APR/OpenSSL 설정: useAprConnector [false], useOpenSSL [true]
10-Apr-2020 11:08:20.999 정보 [main] org.apache.catalina.core.AprLifecycleListener.initializeSSL OpenSSL이 성공적으로 초기화되었습니다: [OpenSSL 1.1.1c  28 May 2019]
10-Apr-2020 11:08:21.436 정보 [main] org.apache.coyote.AbstractProtocol.init 프로토콜 핸들러 ["http-nio-8080"]을(를) 초기화합니다.
10-Apr-2020 11:08:21.529 정보 [main] org.apache.catalina.startup.Catalina.load [685] 밀리초 내에 서버가 초기화되었습니다.
10-Apr-2020 11:08:21.549 정보 [main] org.apache.catalina.core.StandardService.startInternal 서비스 [Catalina]을(를) 시작합니다.
10-Apr-2020 11:08:21.549 정보 [main] org.apache.catalina.core.StandardEngine.startInternal 서버 엔진을 시작합니다: [Apache Tomcat/9.0.33]
10-Apr-2020 11:08:21.561 정보 [main] org.apache.catalina.startup.HostConfig.deployWAR 웹 애플리케이션 아카이브 [C:\Users\chris\Desktop\강의자료\Servlet_JSP\util\apache-tomcat-9.0.33-windows-x64\apache-tomcat-9.0.33\webapps\_03_Http.war]을(를) 배치합니다.
10-Apr-2020 11:08:21.789 정보 [main] org.apache.catalina.startup.HostConfig.deployWAR 웹 애플리케이션 아카이브 [C:\Users\chris\Desktop\강의자료\Servlet_JSP\util\apache-tomcat-9.0.33-windows-x64\apache-tomcat-9.0.33\webapps\_03_Http.war]의 배치가 [228] 밀리초에 완료되었습니다.
10-Apr-2020 11:08:21.790 정보 [main] org.apache.catalina.startup.HostConfig.deployWAR 웹 애플리케이션 아카이브 [C:\Users\chris\Desktop\강의자료\Servlet_JSP\util\apache-tomcat-9.0.33-windows-x64\apache-tomcat-9.0.33\webapps\_04_StartServlet.war]을(를) 배치합니다.
10-Apr-2020 11:08:21.821 정보 [main] org.apache.catalina.startup.HostConfig.deployWAR 웹 애플리케이션 아카이브 [C:\Users\chris\Desktop\강의자료\Servlet_JSP\util\apache-tomcat-9.0.33-windows-x64\apache-tomcat-9.0.33\webapps\_04_StartServlet.war]의 배치가 [31] 밀리초에 완료되었습니다.
10-Apr-2020 11:08:21.822 정보 [main] org.apache.catalina.startup.HostConfig.deployDirectory 웹 애플리케이션 디렉토리 [C:\Users\chris\Desktop\강의자료\Servlet_JSP\util\apache-tomcat-9.0.33-windows-x64\apache-tomcat-9.0.33\webapps\docs]을(를) 배치합니다.
10-Apr-2020 11:08:21.839 정보 [main] org.apache.catalina.startup.HostConfig.deployDirectory 웹 애플리케이션 디렉토리 [C:\Users\chris\Desktop\강의자료\Servlet_JSP\util\apache-tomcat-9.0.33-windows-x64\apache-tomcat-9.0.33\webapps\docs]에 대한 배치가 [17] 밀리초에 완료되었습니다.
10-Apr-2020 11:08:21.839 정보 [main] org.apache.catalina.startup.HostConfig.deployDirectory 웹 애플리케이션 디렉토리 [C:\Users\chris\Desktop\강의자료\Servlet_JSP\util\apache-tomcat-9.0.33-windows-x64\apache-tomcat-9.0.33\webapps\examples]을(를) 배치합니다.
10-Apr-2020 11:08:22.105 정보 [main] org.apache.catalina.startup.HostConfig.deployDirectory 웹 애플리케이션 디렉토리 [C:\Users\chris\Desktop\강의자료\Servlet_JSP\util\apache-tomcat-9.0.33-windows-x64\apache-tomcat-9.0.33\webapps\examples]에 대한 배치가 [266] 밀리초에 완료되었습니다.
10-Apr-2020 11:08:22.106 정보 [main] org.apache.catalina.startup.HostConfig.deployDirectory 웹 애플리케이션 디렉토리 [C:\Users\chris\Desktop\강의자료\Servlet_JSP\util\apache-tomcat-9.0.33-windows-x64\apache-tomcat-9.0.33\webapps\host-manager]을(를) 배치합니다.
10-Apr-2020 11:08:22.128 정보 [main] org.apache.catalina.startup.HostConfig.deployDirectory 웹 애플리케이션 디렉토리 [C:\Users\chris\Desktop\강의자료\Servlet_JSP\util\apache-tomcat-9.0.33-windows-x64\apache-tomcat-9.0.33\webapps\host-manager]에 대한 배치가 [22] 밀리초에 완료되었습니다.
10-Apr-2020 11:08:22.128 정보 [main] org.apache.catalina.startup.HostConfig.deployDirectory 웹 애플리케이션 디렉토리 [C:\Users\chris\Desktop\강의자료\Servlet_JSP\util\apache-tomcat-9.0.33-windows-x64\apache-tomcat-9.0.33\webapps\manager]을(를) 배치합니다.
10-Apr-2020 11:08:22.147 정보 [main] org.apache.catalina.startup.HostConfig.deployDirectory 웹 애플리케이션 디렉토리 [C:\Users\chris\Desktop\강의자료\Servlet_JSP\util\apache-tomcat-9.0.33-windows-x64\apache-tomcat-9.0.33\webapps\manager]에 대한 배치가 [19] 밀리초에 완료되었습니다.
10-Apr-2020 11:08:22.148 정보 [main] org.apache.catalina.startup.HostConfig.deployDirectory 웹 애플리케이션 디렉토리 [C:\Users\chris\Desktop\강의자료\Servlet_JSP\util\apache-tomcat-9.0.33-windows-x64\apache-tomcat-9.0.33\webapps\ROOT]을(를) 배치합니다.
10-Apr-2020 11:08:22.162 정보 [main] org.apache.catalina.startup.HostConfig.deployDirectory 웹 애플리케이션 디렉토리 [C:\Users\chris\Desktop\강의자료\Servlet_JSP\util\apache-tomcat-9.0.33-windows-x64\apache-tomcat-9.0.33\webapps\ROOT]에 대한 배치가 [14] 밀리초에 완료되었습니다.
10-Apr-2020 11:08:22.164 정보 [main] org.apache.coyote.AbstractProtocol.start 프로토콜 핸들러 ["http-nio-8080"]을(를) 시작합니다.
10-Apr-2020 11:08:22.171 정보 [main] org.apache.catalina.startup.Catalina.start 서버가 [641] 밀리초 내에 시작되었습니다.
10-Apr-2020 11:16:26.181 정보 [main] org.apache.catalina.core.StandardServer.await 셧다운 포트를 통해 유효한 셧다운 명령을 받았습니다. 서버 인스턴스를 중지시킵니다.
10-Apr-2020 11:16:26.182 정보 [main] org.apache.coyote.AbstractProtocol.pause 프로토콜 핸들러 ["http-nio-8080"]을(를) 일시 정지 중
10-Apr-2020 11:16:26.267 정보 [main] org.apache.catalina.core.StandardService.stopInternal 서비스 [Catalina]을(를) 중지시킵니다.
10-Apr-2020 11:16:26.294 정보 [main] org.apache.coyote.AbstractProtocol.stop 프로토콜 핸들러 ["http-nio-8080"]을(를) 중지시킵니다.
10-Apr-2020 11:16:26.295 정보 [main] org.apache.coyote.AbstractProtocol.destroy 프로토콜 핸들러 ["http-nio-8080"]을(를) 소멸시킵니다.
10-Apr-2020 11:59:53.166 심각 [main] org.apache.catalina.startup.Catalina.stopServer [localhost:8005] (base 포트 [8005] 그리고 offset [0])와(과) 연결할 수 없었습니다. Tomcat이 실행 중이지 않을 수 있습니다.
10-Apr-2020 11:59:53.171 심각 [main] org.apache.catalina.startup.Catalina.stopServer Catalina를 중지시키는 중 오류 발생
	java.net.ConnectException: Connection refused: connect
		at java.net.DualStackPlainSocketImpl.connect0(Native Method)
		at java.net.DualStackPlainSocketImpl.socketConnect(DualStackPlainSocketImpl.java:79)
		at java.net.AbstractPlainSocketImpl.doConnect(AbstractPlainSocketImpl.java:350)
		at java.net.AbstractPlainSocketImpl.connectToAddress(AbstractPlainSocketImpl.java:206)
		at java.net.AbstractPlainSocketImpl.connect(AbstractPlainSocketImpl.java:188)
		at java.net.PlainSocketImpl.connect(PlainSocketImpl.java:172)
		at java.net.SocksSocketImpl.connect(SocksSocketImpl.java:392)
		at java.net.Socket.connect(Socket.java:606)
		at java.net.Socket.connect(Socket.java:555)
		at java.net.Socket.<init>(Socket.java:451)
		at java.net.Socket.<init>(Socket.java:228)
		at org.apache.catalina.startup.Catalina.stopServer(Catalina.java:513)
		at sun.reflect.NativeMethodAccessorImpl.invoke0(Native Method)
		at sun.reflect.NativeMethodAccessorImpl.invoke(NativeMethodAccessorImpl.java:62)
		at sun.reflect.DelegatingMethodAccessorImpl.invoke(DelegatingMethodAccessorImpl.java:43)
		at java.lang.reflect.Method.invoke(Method.java:498)
		at org.apache.catalina.startup.Bootstrap.stopServer(Bootstrap.java:389)
		at org.apache.catalina.startup.Bootstrap.main(Bootstrap.java:479)
