10-Apr-2020 10:31:36.857 정보 [main] org.apache.catalina.core.ApplicationContext.log ContextListener: contextInitialized()
10-Apr-2020 10:31:36.857 정보 [main] org.apache.catalina.core.ApplicationContext.log SessionListener: contextInitialized()
10-Apr-2020 10:31:36.859 정보 [main] org.apache.catalina.core.ApplicationContext.log ContextListener: attributeAdded('StockTicker', 'async.Stockticker@6bf0219d')
10-Apr-2020 10:32:16.925 정보 [main] org.apache.catalina.core.ApplicationContext.log ContextListener: contextInitialized()
10-Apr-2020 10:32:16.925 정보 [main] org.apache.catalina.core.ApplicationContext.log SessionListener: contextInitialized()
10-Apr-2020 10:32:16.926 정보 [main] org.apache.catalina.core.ApplicationContext.log ContextListener: attributeAdded('StockTicker', 'async.Stockticker@f2ff811')
10-Apr-2020 10:32:17.035 정보 [main] org.apache.catalina.core.ApplicationContext.log SessionListener: contextDestroyed()
10-Apr-2020 10:32:17.035 정보 [main] org.apache.catalina.core.ApplicationContext.log ContextListener: contextDestroyed()
10-Apr-2020 10:33:23.949 정보 [main] org.apache.catalina.core.ApplicationContext.log SessionListener: contextDestroyed()
10-Apr-2020 10:33:23.949 정보 [main] org.apache.catalina.core.ApplicationContext.log ContextListener: contextDestroyed()
10-Apr-2020 10:34:00.774 정보 [main] org.apache.catalina.core.ApplicationContext.log ContextListener: contextInitialized()
10-Apr-2020 10:34:00.774 정보 [main] org.apache.catalina.core.ApplicationContext.log SessionListener: contextInitialized()
10-Apr-2020 10:34:00.775 정보 [main] org.apache.catalina.core.ApplicationContext.log ContextListener: attributeAdded('StockTicker', 'async.Stockticker@11c9af63')
10-Apr-2020 10:37:01.029 정보 [main] org.apache.catalina.core.ApplicationContext.log SessionListener: contextDestroyed()
10-Apr-2020 10:37:01.029 정보 [main] org.apache.catalina.core.ApplicationContext.log ContextListener: contextDestroyed()
10-Apr-2020 10:37:12.340 정보 [main] org.apache.catalina.core.ApplicationContext.log ContextListener: contextInitialized()
10-Apr-2020 10:37:12.340 정보 [main] org.apache.catalina.core.ApplicationContext.log SessionListener: contextInitialized()
10-Apr-2020 10:37:12.342 정보 [main] org.apache.catalina.core.ApplicationContext.log ContextListener: attributeAdded('StockTicker', 'async.Stockticker@11c9af63')
10-Apr-2020 11:08:22.100 정보 [main] org.apache.catalina.core.ApplicationContext.log ContextListener: contextInitialized()
10-Apr-2020 11:08:22.100 정보 [main] org.apache.catalina.core.ApplicationContext.log SessionListener: contextInitialized()
10-Apr-2020 11:08:22.101 정보 [main] org.apache.catalina.core.ApplicationContext.log ContextListener: attributeAdded('StockTicker', 'async.Stockticker@10959ece')
10-Apr-2020 11:16:26.280 정보 [main] org.apache.catalina.core.ApplicationContext.log SessionListener: contextDestroyed()
10-Apr-2020 11:16:26.281 정보 [main] org.apache.catalina.core.ApplicationContext.log ContextListener: contextDestroyed()
